2025-10-31 07:13:29,552 - music_recommendation - INFO - 检查必要的目录结构...
2025-10-31 07:13:29,552 - music_recommendation - INFO - 目录已存在: /workspace/rec_based_kg/data
2025-10-31 07:13:29,552 - music_recommendation - INFO - 目录已存在: /workspace/rec_based_kg/data/raw
2025-10-31 07:13:29,552 - music_recommendation - INFO - 目录已存在: /workspace/rec_based_kg/data/processed
2025-10-31 07:13:29,552 - music_recommendation - INFO - 目录已存在: /workspace/rec_based_kg/data/models
2025-10-31 07:13:29,552 - music_recommendation - INFO - 开始加载和处理数据...
2025-10-31 07:13:30,597 - music_recommendation - ERROR - 数据加载失败: Traceback (most recent call last):
  File "/workspace/rec_based_kg/src/data_processing/data_loader.py", line 178, in <module>
    main()
  File "/workspace/rec_based_kg/src/data_processing/data_loader.py", line 166, in main
    load_lastfm_dataset()
  File "/workspace/rec_based_kg/src/data_processing/data_loader.py", line 46, in load_lastfm_dataset
    df = pd.DataFrame(data_dict)
         ^^^^^^^^^^^^^^^^^^^^^^^
  File "/root/.pyenv/versions/3.11.1/lib/python3.11/site-packages/pandas/core/frame.py", line 709, in __init__
    mgr = dict_to_mgr(data, index, columns, dtype=dtype, copy=copy, typ=manager)
          ^^^^^^^^^^^^^^^^^^^^^^^^^^^^^^^^^^^^^^^^^^^^^^^^^^^^^^^^^^^^^^^^^^^^^^
  File "/root/.pyenv/versions/3.11.1/lib/python3.11/site-packages/pandas/core/internals/construction.py", line 481, in dict_to_mgr
    return arrays_to_mgr(arrays, columns, index, dtype=dtype, typ=typ, consolidate=copy)
           ^^^^^^^^^^^^^^^^^^^^^^^^^^^^^^^^^^^^^^^^^^^^^^^^^^^^^^^^^^^^^^^^^^^^^^^^^^^^^
  File "/root/.pyenv/versions/3.11.1/lib/python3.11/site-packages/pandas/core/internals/construction.py", line 115, in arrays_to_mgr
    index = _extract_index(arrays)
            ^^^^^^^^^^^^^^^^^^^^^^
  File "/root/.pyenv/versions/3.11.1/lib/python3.11/site-packages/pandas/core/internals/construction.py", line 655, in _extract_index
    raise ValueError("All arrays must be of the same length")
ValueError: All arrays must be of the same length

2025-10-31 07:13:30,597 - music_recommendation - ERROR - 数据加载失败，停止执行
2025-10-31 07:19:26,656 - music_recommendation - INFO - 检查必要的目录结构...
2025-10-31 07:19:26,656 - music_recommendation - INFO - 目录已存在: /workspace/rec_based_kg/data
2025-10-31 07:19:26,657 - music_recommendation - INFO - 目录已存在: /workspace/rec_based_kg/data/raw
2025-10-31 07:19:26,657 - music_recommendation - INFO - 目录已存在: /workspace/rec_based_kg/data/processed
2025-10-31 07:19:26,657 - music_recommendation - INFO - 目录已存在: /workspace/rec_based_kg/data/models
2025-10-31 07:19:26,657 - music_recommendation - INFO - 开始加载和处理数据...
2025-10-31 07:19:27,462 - music_recommendation - INFO - 数据加载完成: 开始加载Last.fm数据集...
已保存 artists 数据到 /workspace/rec_based_kg/data/processed/artists.csv
artists 数据共 100 条记录
已保存 tracks 数据到 /workspace/rec_based_kg/data/processed/tracks.csv
tracks 数据共 500 条记录
已保存 user_listens 数据到 /workspace/rec_based_kg/data/processed/user_listens.csv
user_listens 数据共 5089 条记录
开始加载MusicBrainz子集数据...
已保存专辑数据到 /workspace/rec_based_kg/data/processed/albums.csv
已保存专辑-曲目关系到 /workspace/rec_based_kg/data/processed/album_tracks.csv
开始提取三元组数据...
已提取 2837 个三元组并保存到 /workspace/rec_based_kg/data/processed/kg_triplets.csv
已创建实体映射（820个实体）和关系映射（4个关系）
数据加载和处理完成！

2025-10-31 07:19:27,462 - music_recommendation - INFO - 开始构建知识图谱...
2025-10-31 07:19:28,164 - music_recommendation - INFO - 知识图谱构建完成: 构建知识图谱时出错: Unable to retrieve routing information

2025-10-31 07:19:28,164 - music_recommendation - INFO - 开始训练TransE模型...
2025-10-31 07:20:30,047 - music_recommendation - ERROR - 模型训练失败: 
Epoch 1/100:   0%|          | 0/2 [00:00<?, ?it/s]
Epoch 1/100:  50%|█████     | 1/2 [00:00<00:00,  9.81it/s]
Epoch 1/100: 100%|██████████| 2/2 [00:00<00:00, 10.07it/s]

Epoch 2/100:   0%|          | 0/2 [00:00<?, ?it/s]
Epoch 2/100: 100%|██████████| 2/2 [00:00<00:00, 10.05it/s]
Epoch 2/100: 100%|██████████| 2/2 [00:00<00:00, 10.04it/s]

Epoch 3/100:   0%|          | 0/2 [00:00<?, ?it/s]
Epoch 3/100:  50%|█████     | 1/2 [00:00<00:00,  2.50it/s]
Epoch 3/100: 100%|██████████| 2/2 [00:00<00:00,  2.94it/s]
Epoch 3/100: 100%|██████████| 2/2 [00:00<00:00,  2.86it/s]

Epoch 4/100:   0%|          | 0/2 [00:00<?, ?it/s]
Epoch 4/100: 100%|██████████| 2/2 [00:00<00:00, 10.02it/s]
Epoch 4/100: 100%|██████████| 2/2 [00:00<00:00, 10.01it/s]

Epoch 5/100:   0%|          | 0/2 [00:00<?, ?it/s]
Epoch 5/100:  50%|█████     | 1/2 [00:00<00:00,  2.49it/s]
Epoch 5/100: 100%|██████████| 2/2 [00:00<00:00,  3.54it/s]
Epoch 5/100: 100%|██████████| 2/2 [00:00<00:00,  3.33it/s]

Epoch 6/100:   0%|          | 0/2 [00:00<?, ?it/s]
Epoch 6/100:  50%|█████     | 1/2 [00:00<00:00,  3.35it/s]
Epoch 6/100: 100%|██████████| 2/2 [00:00<00:00,  4.14it/s]
Epoch 6/100: 100%|██████████| 2/2 [00:00<00:00,  4.00it/s]

Epoch 7/100:   0%|          | 0/2 [00:00<?, ?it/s]
Epoch 7/100:  50%|█████     | 1/2 [00:00<00:00,  2.01it/s]
Epoch 7/100: 100%|██████████| 2/2 [00:00<00:00,  3.10it/s]
Epoch 7/100: 100%|██████████| 2/2 [00:00<00:00,  2.86it/s]

Epoch 8/100:   0%|          | 0/2 [00:00<?, ?it/s]
Epoch 8/100:  50%|█████     | 1/2 [00:00<00:00,  2.50it/s]
Epoch 8/100: 100%|██████████| 2/2 [00:00<00:00,  3.54it/s]
Epoch 8/100: 100%|██████████| 2/2 [00:00<00:00,  3.33it/s]

Epoch 9/100:   0%|          | 0/2 [00:00<?, ?it/s]
Epoch 9/100:  50%|█████     | 1/2 [00:00<00:00,  4.99it/s]
Epoch 9/100: 100%|██████████| 2/2 [00:00<00:00,  5.00it/s]
Epoch 9/100: 100%|██████████| 2/2 [00:00<00:00,  4.99it/s]

Epoch 10/100:   0%|          | 0/2 [00:00<?, ?it/s]
Epoch 10/100:  50%|█████     | 1/2 [00:00<00:00,  3.35it/s]
Epoch 10/100: 100%|██████████| 2/2 [00:00<00:00,  5.48it/s]
Epoch 10/100: 100%|██████████| 2/2 [00:00<00:00,  5.00it/s]

Epoch 11/100:   0%|          | 0/2 [00:00<?, ?it/s]
Epoch 11/100:  50%|█████     | 1/2 [00:00<00:00,  5.05it/s]
Epoch 11/100: 100%|██████████| 2/2 [00:00<00:00,  3.87it/s]
Epoch 11/100: 100%|██████████| 2/2 [00:00<00:00,  4.01it/s]

Epoch 12/100:   0%|          | 0/2 [00:00<?, ?it/s]
Epoch 12/100:  50%|█████     | 1/2 [00:00<00:00,  5.05it/s]
Epoch 12/100: 100%|██████████| 2/2 [00:00<00:00,  3.15it/s]
Epoch 12/100: 100%|██████████| 2/2 [00:00<00:00,  3.34it/s]

Epoch 13/100:   0%|          | 0/2 [00:00<?, ?it/s]
Epoch 13/100:  50%|█████     | 1/2 [00:00<00:00,  5.00it/s]
Epoch 13/100: 100%|██████████| 2/2 [00:00<00:00,  7.08it/s]
Epoch 13/100: 100%|██████████| 2/2 [00:00<00:00,  6.66it/s]

Epoch 14/100:   0%|          | 0/2 [00:00<?, ?it/s]
Epoch 14/100: 100%|██████████| 2/2 [00:00<00:00,  5.02it/s]
Epoch 14/100: 100%|██████████| 2/2 [00:00<00:00,  5.02it/s]

Epoch 15/100:   0%|          | 0/2 [00:00<?, ?it/s]
Epoch 15/100:  50%|█████     | 1/2 [00:00<00:00,  2.50it/s]
Epoch 15/100: 100%|██████████| 2/2 [00:00<00:00,  2.50it/s]
Epoch 15/100: 100%|██████████| 2/2 [00:00<00:00,  2.50it/s]

Epoch 16/100:   0%|          | 0/2 [00:00<?, ?it/s]
Epoch 16/100:  50%|█████     | 1/2 [00:00<00:00,  2.01it/s]
Epoch 16/100: 100%|██████████| 2/2 [00:00<00:00,  3.78it/s]
Epoch 16/100: 100%|██████████| 2/2 [00:00<00:00,  3.33it/s]

Epoch 17/100:   0%|          | 0/2 [00:00<?, ?it/s]
Epoch 17/100:  50%|█████     | 1/2 [00:00<00:00,  2.51it/s]
Epoch 17/100: 100%|██████████| 2/2 [00:00<00:00,  3.54it/s]
Epoch 17/100: 100%|██████████| 2/2 [00:00<00:00,  2.86it/s]

Epoch 18/100:   0%|          | 0/2 [00:00<?, ?it/s]
Epoch 18/100:  50%|█████     | 1/2 [00:00<00:00,  2.50it/s]
Epoch 18/100: 100%|██████████| 2/2 [00:00<00:00,  3.54it/s]
Epoch 18/100: 100%|██████████| 2/2 [00:00<00:00,  3.33it/s]

Epoch 19/100:   0%|          | 0/2 [00:00<?, ?it/s]
Epoch 19/100: 100%|██████████| 2/2 [00:00<00:00,  5.00it/s]
Epoch 19/100: 100%|██████████| 2/2 [00:00<00:00,  5.00it/s]

Epoch 20/100:   0%|          | 0/2 [00:00<?, ?it/s]
Epoch 20/100:  50%|█████     | 1/2 [00:00<00:00,  2.50it/s]
Epoch 20/100: 100%|██████████| 2/2 [00:00<00:00,  2.50it/s]
Epoch 20/100: 100%|██████████| 2/2 [00:00<00:00,  2.50it/s]

Epoch 21/100:   0%|          | 0/2 [00:00<?, ?it/s]
Epoch 21/100:  50%|█████     | 1/2 [00:00<00:00,  2.51it/s]
Epoch 21/100: 100%|██████████| 2/2 [00:00<00:00,  2.94it/s]
Epoch 21/100: 100%|██████████| 2/2 [00:00<00:00,  2.86it/s]

Epoch 22/100:   0%|          | 0/2 [00:00<?, ?it/s]
Epoch 22/100:  50%|█████     | 1/2 [00:00<00:00,  3.33it/s]
Epoch 22/100: 100%|██████████| 2/2 [00:00<00:00,  4.15it/s]
Epoch 22/100: 100%|██████████| 2/2 [00:00<00:00,  4.00it/s]

Epoch 23/100:   0%|          | 0/2 [00:00<?, ?it/s]
Epoch 23/100:  50%|█████     | 1/2 [00:00<00:00,  2.50it/s]
Epoch 23/100: 100%|██████████| 2/2 [00:00<00:00,  2.93it/s]
Epoch 23/100: 100%|██████████| 2/2 [00:00<00:00,  2.85it/s]

Epoch 24/100:   0%|          | 0/2 [00:00<?, ?it/s]
Epoch 24/100:  50%|█████     | 1/2 [00:00<00:00,  5.00it/s]
Epoch 24/100: 100%|██████████| 2/2 [00:00<00:00,  5.00it/s]
Epoch 24/100: 100%|██████████| 2/2 [00:00<00:00,  5.00it/s]

Epoch 25/100:   0%|          | 0/2 [00:00<?, ?it/s]
Epoch 25/100:  50%|█████     | 1/2 [00:00<00:00,  5.00it/s]
Epoch 25/100: 100%|██████████| 2/2 [00:00<00:00,  3.86it/s]
Epoch 25/100: 100%|██████████| 2/2 [00:00<00:00,  3.99it/s]

Epoch 26/100:   0%|          | 0/2 [00:00<?, ?it/s]
Epoch 26/100:  50%|█████     | 1/2 [00:00<00:00,  3.32it/s]
Epoch 26/100: 100%|██████████| 2/2 [00:00<00:00,  4.15it/s]
Epoch 26/100: 100%|██████████| 2/2 [00:00<00:00,  4.00it/s]

Epoch 27/100:   0%|          | 0/2 [00:00<?, ?it/s]
Epoch 27/100:  50%|█████     | 1/2 [00:00<00:00,  2.51it/s]
Epoch 27/100: 100%|██████████| 2/2 [00:00<00:00,  4.46it/s]
Epoch 27/100: 100%|██████████| 2/2 [00:00<00:00,  3.99it/s]

Epoch 28/100:   0%|          | 0/2 [00:00<?, ?it/s]
Epoch 28/100:  50%|█████     | 1/2 [00:00<00:00,  2.51it/s]
Epoch 28/100: 100%|██████████| 2/2 [00:00<00:00,  3.55it/s]
Epoch 28/100: 100%|██████████| 2/2 [00:00<00:00,  3.34it/s]

Epoch 29/100:   0%|          | 0/2 [00:00<?, ?it/s]
Epoch 29/100:  50%|█████     | 1/2 [00:00<00:00,  4.99it/s]
Epoch 29/100: 100%|██████████| 2/2 [00:00<00:00,  3.86it/s]
Epoch 29/100: 100%|██████████| 2/2 [00:00<00:00,  4.00it/s]

Epoch 30/100:   0%|          | 0/2 [00:00<?, ?it/s]
Epoch 30/100:  50%|█████     | 1/2 [00:00<00:00,  3.35it/s]
Epoch 30/100: 100%|██████████| 2/2 [00:00<00:00,  5.49it/s]
Epoch 30/100: 100%|██████████| 2/2 [00:00<00:00,  5.01it/s]

Epoch 31/100:   0%|          | 0/2 [00:00<?, ?it/s]
Epoch 31/100:  50%|█████     | 1/2 [00:00<00:00,  4.99it/s]
Epoch 31/100: 100%|██████████| 2/2 [00:00<00:00,  3.85it/s]
Epoch 31/100: 100%|██████████| 2/2 [00:00<00:00,  2.42it/s]

Epoch 32/100:   0%|          | 0/2 [00:00<?, ?it/s]
Epoch 32/100: 100%|██████████| 2/2 [00:00<00:00, 25.50it/s]

Epoch 33/100:   0%|          | 0/2 [00:00<?, ?it/s]
Epoch 33/100:  50%|█████     | 1/2 [00:00<00:00,  3.38it/s]
Epoch 33/100: 100%|██████████| 2/2 [00:00<00:00,  4.17it/s]
Epoch 33/100: 100%|██████████| 2/2 [00:00<00:00,  4.03it/s]

Epoch 34/100:   0%|          | 0/2 [00:00<?, ?it/s]
Epoch 34/100: 100%|██████████| 2/2 [00:00<00:00,  6.70it/s]
Epoch 34/100: 100%|██████████| 2/2 [00:00<00:00,  6.69it/s]

Epoch 35/100:   0%|          | 0/2 [00:00<?, ?it/s]
Epoch 35/100:  50%|█████     | 1/2 [00:00<00:00,  2.50it/s]
Epoch 35/100: 100%|██████████| 2/2 [00:00<00:00,  2.93it/s]
Epoch 35/100: 100%|██████████| 2/2 [00:00<00:00,  2.86it/s]

Epoch 36/100:   0%|          | 0/2 [00:00<?, ?it/s]
Epoch 36/100:  50%|█████     | 1/2 [00:00<00:00,  5.00it/s]
Epoch 36/100: 100%|██████████| 2/2 [00:00<00:00,  3.86it/s]
Epoch 36/100: 100%|██████████| 2/2 [00:00<00:00,  4.00it/s]

Epoch 37/100:   0%|          | 0/2 [00:00<?, ?it/s]
Epoch 37/100:  50%|█████     | 1/2 [00:00<00:00,  3.33it/s]
Epoch 37/100: 100%|██████████| 2/2 [00:00<00:00,  4.16it/s]
Epoch 37/100: 100%|██████████| 2/2 [00:00<00:00,  4.01it/s]

Epoch 38/100:   0%|          | 0/2 [00:00<?, ?it/s]
Epoch 38/100:  50%|█████     | 1/2 [00:00<00:00,  3.33it/s]
Epoch 38/100: 100%|██████████| 2/2 [00:00<00:00,  3.33it/s]
Epoch 38/100: 100%|██████████| 2/2 [00:00<00:00,  3.33it/s]

Epoch 39/100:   0%|          | 0/2 [00:00<?, ?it/s]
Epoch 39/100:  50%|█████     | 1/2 [00:00<00:00,  3.34it/s]
Epoch 39/100: 100%|██████████| 2/2 [00:00<00:00,  3.34it/s]
Epoch 39/100: 100%|██████████| 2/2 [00:00<00:00,  3.34it/s]

Epoch 40/100:   0%|          | 0/2 [00:00<?, ?it/s]
Epoch 40/100:  50%|█████     | 1/2 [00:00<00:00,  5.00it/s]
Epoch 40/100: 100%|██████████| 2/2 [00:00<00:00,  5.01it/s]
Epoch 40/100: 100%|██████████| 2/2 [00:00<00:00,  4.01it/s]

Epoch 41/100:   0%|          | 0/2 [00:00<?, ?it/s]
Epoch 41/100:  50%|█████     | 1/2 [00:00<00:00,  3.34it/s]
Epoch 41/100: 100%|██████████| 2/2 [00:00<00:00,  5.47it/s]
Epoch 41/100: 100%|██████████| 2/2 [00:00<00:00,  4.01it/s]

Epoch 42/100:   0%|          | 0/2 [00:00<?, ?it/s]
Epoch 42/100:  50%|█████     | 1/2 [00:00<00:00,  2.50it/s]
Epoch 42/100: 100%|██████████| 2/2 [00:00<00:00,  2.93it/s]
Epoch 42/100: 100%|██████████| 2/2 [00:00<00:00,  2.86it/s]

Epoch 43/100:   0%|          | 0/2 [00:00<?, ?it/s]
Epoch 43/100:  50%|█████     | 1/2 [00:00<00:00,  2.50it/s]
Epoch 43/100: 100%|██████████| 2/2 [00:00<00:00,  2.93it/s]
Epoch 43/100: 100%|██████████| 2/2 [00:00<00:00,  2.86it/s]

Epoch 44/100:   0%|          | 0/2 [00:00<?, ?it/s]
Epoch 44/100: 100%|██████████| 2/2 [00:00<00:00, 383.62it/s]

Epoch 45/100:   0%|          | 0/2 [00:00<?, ?it/s]
Epoch 45/100:  50%|█████     | 1/2 [00:00<00:00,  3.39it/s]
Epoch 45/100: 100%|██████████| 2/2 [00:00<00:00,  3.36it/s]
Epoch 45/100: 100%|██████████| 2/2 [00:00<00:00,  3.36it/s]

Epoch 46/100:   0%|          | 0/2 [00:00<?, ?it/s]
Epoch 46/100:  50%|█████     | 1/2 [00:00<00:00,  2.51it/s]
Epoch 46/100: 100%|██████████| 2/2 [00:00<00:00,  2.93it/s]
Epoch 46/100: 100%|██████████| 2/2 [00:00<00:00,  2.86it/s]

Epoch 47/100:   0%|          | 0/2 [00:00<?, ?it/s]
Epoch 47/100:  50%|█████     | 1/2 [00:00<00:00,  4.99it/s]
Epoch 47/100: 100%|██████████| 2/2 [00:00<00:00,  3.86it/s]
Epoch 47/100: 100%|██████████| 2/2 [00:00<00:00,  4.00it/s]

Epoch 48/100:   0%|          | 0/2 [00:00<?, ?it/s]
Epoch 48/100:  50%|█████     | 1/2 [00:00<00:00,  2.00it/s]
Epoch 48/100: 100%|██████████| 2/2 [00:00<00:00,  3.09it/s]
Epoch 48/100: 100%|██████████| 2/2 [00:00<00:00,  2.86it/s]

Epoch 49/100:   0%|          | 0/2 [00:00<?, ?it/s]
Epoch 49/100:  50%|█████     | 1/2 [00:00<00:00,  3.34it/s]
Epoch 49/100: 100%|██████████| 2/2 [00:00<00:00,  5.47it/s]
Epoch 49/100: 100%|██████████| 2/2 [00:00<00:00,  4.99it/s]

Epoch 50/100:   0%|          | 0/2 [00:00<?, ?it/s]
Epoch 50/100:  50%|█████     | 1/2 [00:00<00:00,  2.51it/s]
Epoch 50/100: 100%|██████████| 2/2 [00:00<00:00,  2.93it/s]
Epoch 50/100: 100%|██████████| 2/2 [00:00<00:00,  2.86it/s]

Epoch 51/100:   0%|          | 0/2 [00:00<?, ?it/s]
Epoch 51/100:  50%|█████     | 1/2 [00:00<00:00,  2.50it/s]
Epoch 51/100: 100%|██████████| 2/2 [00:00<00:00,  2.93it/s]
Epoch 51/100: 100%|██████████| 2/2 [00:00<00:00,  2.86it/s]

Epoch 52/100:   0%|          | 0/2 [00:00<?, ?it/s]
Epoch 52/100:  50%|█████     | 1/2 [00:00<00:00,  2.00it/s]
Epoch 52/100: 100%|██████████| 2/2 [00:00<00:00,  2.61it/s]
Epoch 52/100: 100%|██████████| 2/2 [00:00<00:00,  2.50it/s]

Epoch 53/100:   0%|          | 0/2 [00:00<?, ?it/s]
Epoch 53/100:  50%|█████     | 1/2 [00:00<00:00,  3.35it/s]
Epoch 53/100: 100%|██████████| 2/2 [00:00<00:00,  2.40it/s]
Epoch 53/100: 100%|██████████| 2/2 [00:00<00:00,  2.50it/s]

Epoch 54/100:   0%|          | 0/2 [00:00<?, ?it/s]
Epoch 54/100:  50%|█████     | 1/2 [00:00<00:00,  1.67it/s]
Epoch 54/100: 100%|██████████| 2/2 [00:00<00:00,  2.74it/s]
Epoch 54/100: 100%|██████████| 2/2 [00:00<00:00,  2.50it/s]

Epoch 55/100:   0%|          | 0/2 [00:00<?, ?it/s]
Epoch 55/100:  50%|█████     | 1/2 [00:00<00:00,  3.36it/s]
Epoch 55/100: 100%|██████████| 2/2 [00:00<00:00,  5.49it/s]
Epoch 55/100: 100%|██████████| 2/2 [00:00<00:00,  5.01it/s]

Epoch 56/100:   0%|          | 0/2 [00:00<?, ?it/s]
Epoch 56/100:  50%|█████     | 1/2 [00:00<00:00,  3.35it/s]
Epoch 56/100: 100%|██████████| 2/2 [00:00<00:00,  4.16it/s]
Epoch 56/100: 100%|██████████| 2/2 [00:00<00:00,  4.01it/s]

Epoch 57/100:   0%|          | 0/2 [00:00<?, ?it/s]
Epoch 57/100:  50%|█████     | 1/2 [00:00<00:00,  5.00it/s]
Epoch 57/100: 100%|██████████| 2/2 [00:00<00:00,  5.01it/s]
Epoch 57/100: 100%|██████████| 2/2 [00:00<00:00,  5.01it/s]

Epoch 58/100:   0%|          | 0/2 [00:00<?, ?it/s]
Epoch 58/100:  50%|█████     | 1/2 [00:00<00:00,  4.99it/s]
Epoch 58/100: 100%|██████████| 2/2 [00:00<00:00,  5.01it/s]
Epoch 58/100: 100%|██████████| 2/2 [00:00<00:00,  5.01it/s]

Epoch 59/100:   0%|          | 0/2 [00:00<?, ?it/s]
Epoch 59/100:  50%|█████     | 1/2 [00:00<00:00,  2.50it/s]
Epoch 59/100: 100%|██████████| 2/2 [00:00<00:00,  4.47it/s]
Epoch 59/100: 100%|██████████| 2/2 [00:00<00:00,  3.99it/s]

Epoch 60/100:   0%|          | 0/2 [00:00<?, ?it/s]
Epoch 60/100:  50%|█████     | 1/2 [00:00<00:00,  5.01it/s]
Epoch 60/100: 100%|██████████| 2/2 [00:00<00:00,  5.01it/s]
Epoch 60/100: 100%|██████████| 2/2 [00:00<00:00,  5.01it/s]

Epoch 61/100:   0%|          | 0/2 [00:00<?, ?it/s]
Epoch 61/100:  50%|█████     | 1/2 [00:00<00:00,  2.51it/s]
Epoch 61/100: 100%|██████████| 2/2 [00:00<00:00,  2.94it/s]
Epoch 61/100: 100%|██████████| 2/2 [00:00<00:00,  2.87it/s]

Epoch 62/100:   0%|          | 0/2 [00:00<?, ?it/s]
Epoch 62/100:  50%|█████     | 1/2 [00:00<00:00,  5.00it/s]
Epoch 62/100: 100%|██████████| 2/2 [00:00<00:00,  3.15it/s]
Epoch 62/100: 100%|██████████| 2/2 [00:00<00:00,  3.33it/s]

Epoch 63/100:   0%|          | 0/2 [00:00<?, ?it/s]
Epoch 63/100:  50%|█████     | 1/2 [00:00<00:00,  2.50it/s]
Epoch 63/100: 100%|██████████| 2/2 [00:00<00:00,  2.50it/s]
Epoch 63/100: 100%|██████████| 2/2 [00:00<00:00,  2.50it/s]

Epoch 64/100:   0%|          | 0/2 [00:00<?, ?it/s]
Epoch 64/100:  50%|█████     | 1/2 [00:00<00:00,  2.50it/s]
Epoch 64/100: 100%|██████████| 2/2 [00:00<00:00,  4.97it/s]

Epoch 65/100:   0%|          | 0/2 [00:00<?, ?it/s]
Epoch 65/100: 100%|██████████| 2/2 [00:00<00:00,  5.04it/s]
Epoch 65/100: 100%|██████████| 2/2 [00:00<00:00,  5.04it/s]

Epoch 66/100:   0%|          | 0/2 [00:00<?, ?it/s]
Epoch 66/100: 100%|██████████| 2/2 [00:00<00:00,  6.67it/s]
Epoch 66/100: 100%|██████████| 2/2 [00:00<00:00,  6.66it/s]

Epoch 67/100:   0%|          | 0/2 [00:00<?, ?it/s]
Epoch 67/100:  50%|█████     | 1/2 [00:00<00:00,  3.33it/s]
Epoch 67/100: 100%|██████████| 2/2 [00:00<00:00,  4.15it/s]
Epoch 67/100: 100%|██████████| 2/2 [00:00<00:00,  4.00it/s]

Epoch 68/100:   0%|          | 0/2 [00:00<?, ?it/s]
Epoch 68/100:  50%|█████     | 1/2 [00:00<00:00,  5.01it/s]
Epoch 68/100: 100%|██████████| 2/2 [00:00<00:00,  5.01it/s]
Epoch 68/100: 100%|██████████| 2/2 [00:00<00:00,  5.00it/s]

Epoch 69/100:   0%|          | 0/2 [00:00<?, ?it/s]
Epoch 69/100:  50%|█████     | 1/2 [00:00<00:00,  3.34it/s]
Epoch 69/100: 100%|██████████| 2/2 [00:00<00:00,  3.34it/s]
Epoch 69/100: 100%|██████████| 2/2 [00:00<00:00,  3.34it/s]

Epoch 70/100:   0%|          | 0/2 [00:00<?, ?it/s]
Epoch 70/100:  50%|█████     | 1/2 [00:00<00:00,  3.34it/s]
Epoch 70/100: 100%|██████████| 2/2 [00:00<00:00,  2.79it/s]
Epoch 70/100: 100%|██████████| 2/2 [00:00<00:00,  2.86it/s]

Epoch 71/100:   0%|          | 0/2 [00:00<?, ?it/s]
Epoch 71/100:  50%|█████     | 1/2 [00:00<00:00,  2.51it/s]
Epoch 71/100: 100%|██████████| 2/2 [00:00<00:00,  3.55it/s]
Epoch 71/100: 100%|██████████| 2/2 [00:00<00:00,  3.34it/s]

Epoch 72/100:   0%|          | 0/2 [00:00<?, ?it/s]
Epoch 72/100:  50%|█████     | 1/2 [00:00<00:00,  2.00it/s]
Epoch 72/100: 100%|██████████| 2/2 [00:00<00:00,  3.09it/s]
Epoch 72/100: 100%|██████████| 2/2 [00:00<00:00,  2.85it/s]

Epoch 73/100:   0%|          | 0/2 [00:00<?, ?it/s]
Epoch 73/100:  50%|█████     | 1/2 [00:00<00:00,  3.35it/s]
Epoch 73/100: 100%|██████████| 2/2 [00:00<00:00,  2.79it/s]
Epoch 73/100: 100%|██████████| 2/2 [00:00<00:00,  2.86it/s]

Epoch 74/100:   0%|          | 0/2 [00:00<?, ?it/s]
Epoch 74/100:  50%|█████     | 1/2 [00:00<00:00,  4.98it/s]
Epoch 74/100: 100%|██████████| 2/2 [00:00<00:00,  5.00it/s]
Epoch 74/100: 100%|██████████| 2/2 [00:00<00:00,  4.99it/s]

Epoch 75/100:   0%|          | 0/2 [00:00<?, ?it/s]
Epoch 75/100:  50%|█████     | 1/2 [00:00<00:00,  3.33it/s]
Epoch 75/100: 100%|██████████| 2/2 [00:00<00:00,  3.33it/s]
Epoch 75/100: 100%|██████████| 2/2 [00:00<00:00,  3.33it/s]

Epoch 76/100:   0%|          | 0/2 [00:00<?, ?it/s]
Epoch 76/100:  50%|█████     | 1/2 [00:00<00:00,  4.98it/s]
Epoch 76/100: 100%|██████████| 2/2 [00:00<00:00,  3.87it/s]
Epoch 76/100: 100%|██████████| 2/2 [00:00<00:00,  4.00it/s]

Epoch 77/100:   0%|          | 0/2 [00:00<?, ?it/s]
Epoch 77/100:  50%|█████     | 1/2 [00:00<00:00,  4.98it/s]
Epoch 77/100: 100%|██████████| 2/2 [00:00<00:00,  3.86it/s]
Epoch 77/100: 100%|██████████| 2/2 [00:00<00:00,  4.00it/s]

Epoch 78/100:   0%|          | 0/2 [00:00<?, ?it/s]
Epoch 78/100:  50%|█████     | 1/2 [00:00<00:00,  2.50it/s]
Epoch 78/100: 100%|██████████| 2/2 [00:00<00:00,  3.54it/s]
Epoch 78/100: 100%|██████████| 2/2 [00:00<00:00,  3.33it/s]

Epoch 79/100:   0%|          | 0/2 [00:00<?, ?it/s]
Epoch 79/100:  50%|█████     | 1/2 [00:00<00:00,  3.34it/s]
Epoch 79/100: 100%|██████████| 2/2 [00:00<00:00,  4.15it/s]
Epoch 79/100: 100%|██████████| 2/2 [00:00<00:00,  4.00it/s]

Epoch 80/100:   0%|          | 0/2 [00:00<?, ?it/s]
Epoch 80/100:  50%|█████     | 1/2 [00:00<00:00,  3.33it/s]
Epoch 80/100: 100%|██████████| 2/2 [00:00<00:00,  5.47it/s]
Epoch 80/100: 100%|██████████| 2/2 [00:00<00:00,  4.99it/s]

Epoch 81/100:   0%|          | 0/2 [00:00<?, ?it/s]
Epoch 81/100:  50%|█████     | 1/2 [00:00<00:00,  5.07it/s]
Epoch 81/100: 100%|██████████| 2/2 [00:00<00:00,  5.03it/s]
Epoch 81/100: 100%|██████████| 2/2 [00:00<00:00,  5.03it/s]

Epoch 82/100:   0%|          | 0/2 [00:00<?, ?it/s]
Epoch 82/100:  50%|█████     | 1/2 [00:00<00:00,  2.00it/s]
Epoch 82/100: 100%|██████████| 2/2 [00:00<00:00,  2.00it/s]
Epoch 82/100: 100%|██████████| 2/2 [00:00<00:00,  2.00it/s]

Epoch 83/100:   0%|          | 0/2 [00:00<?, ?it/s]
Epoch 83/100:  50%|█████     | 1/2 [00:00<00:00,  2.00it/s]
Epoch 83/100: 100%|██████████| 2/2 [00:00<00:00,  3.77it/s]
Epoch 83/100: 100%|██████████| 2/2 [00:00<00:00,  3.33it/s]

Epoch 84/100:   0%|          | 0/2 [00:00<?, ?it/s]
Epoch 84/100:  50%|█████     | 1/2 [00:00<00:00,  3.35it/s]
Epoch 84/100: 100%|██████████| 2/2 [00:00<00:00,  5.49it/s]
Epoch 84/100: 100%|██████████| 2/2 [00:00<00:00,  5.01it/s]

Epoch 85/100:   0%|          | 0/2 [00:00<?, ?it/s]
Epoch 85/100:  50%|█████     | 1/2 [00:00<00:00,  3.34it/s]
Epoch 85/100: 100%|██████████| 2/2 [00:00<00:00,  3.34it/s]
Epoch 85/100: 100%|██████████| 2/2 [00:00<00:00,  3.34it/s]

Epoch 86/100:   0%|          | 0/2 [00:00<?, ?it/s]
Epoch 86/100:  50%|█████     | 1/2 [00:00<00:00,  2.50it/s]
Epoch 86/100: 100%|██████████| 2/2 [00:00<00:00,  3.54it/s]
Epoch 86/100: 100%|██████████| 2/2 [00:00<00:00,  3.33it/s]

Epoch 87/100:   0%|          | 0/2 [00:00<?, ?it/s]
Epoch 87/100:  50%|█████     | 1/2 [00:00<00:00,  2.00it/s]
Epoch 87/100: 100%|██████████| 2/2 [00:00<00:00,  3.09it/s]
Epoch 87/100: 100%|██████████| 2/2 [00:00<00:00,  2.86it/s]

Epoch 88/100:   0%|          | 0/2 [00:00<?, ?it/s]
Epoch 88/100:  50%|█████     | 1/2 [00:00<00:00,  4.99it/s]
Epoch 88/100: 100%|██████████| 2/2 [00:00<00:00,  3.87it/s]
Epoch 88/100: 100%|██████████| 2/2 [00:00<00:00,  4.00it/s]

Epoch 89/100:   0%|          | 0/2 [00:00<?, ?it/s]
Epoch 89/100:  50%|█████     | 1/2 [00:00<00:00,  9.82it/s]
Epoch 89/100: 100%|██████████| 2/2 [00:00<00:00, 19.12it/s]

Epoch 90/100:   0%|          | 0/2 [00:00<?, ?it/s]
Epoch 90/100:  50%|█████     | 1/2 [00:00<00:00,  2.54it/s]
Epoch 90/100: 100%|██████████| 2/2 [00:00<00:00,  3.57it/s]
Epoch 90/100: 100%|██████████| 2/2 [00:00<00:00,  3.37it/s]

Epoch 91/100:   0%|          | 0/2 [00:00<?, ?it/s]
Epoch 91/100:  50%|█████     | 1/2 [00:00<00:00,  3.33it/s]
Epoch 91/100: 100%|██████████| 2/2 [00:00<00:00,  4.14it/s]
Epoch 91/100: 100%|██████████| 2/2 [00:00<00:00,  4.00it/s]

Epoch 92/100:   0%|          | 0/2 [00:00<?, ?it/s]
Epoch 92/100:  50%|█████     | 1/2 [00:00<00:00,  2.50it/s]
Epoch 92/100: 100%|██████████| 2/2 [00:00<00:00,  2.50it/s]
Epoch 92/100: 100%|██████████| 2/2 [00:00<00:00,  2.50it/s]

Epoch 93/100:   0%|          | 0/2 [00:00<?, ?it/s]
Epoch 93/100:  50%|█████     | 1/2 [00:00<00:00,  1.67it/s]
Epoch 93/100: 100%|██████████| 2/2 [00:00<00:00,  2.07it/s]
Epoch 93/100: 100%|██████████| 2/2 [00:00<00:00,  2.00it/s]

Epoch 94/100:   0%|          | 0/2 [00:00<?, ?it/s]
Epoch 94/100:  50%|█████     | 1/2 [00:00<00:00,  2.00it/s]
Epoch 94/100: 100%|██████████| 2/2 [00:00<00:00,  2.62it/s]
Epoch 94/100: 100%|██████████| 2/2 [00:00<00:00,  2.22it/s]

Epoch 95/100:   0%|          | 0/2 [00:00<?, ?it/s]
Epoch 95/100:  50%|█████     | 1/2 [00:00<00:00,  3.33it/s]
Epoch 95/100: 100%|██████████| 2/2 [00:00<00:00,  4.14it/s]
Epoch 95/100: 100%|██████████| 2/2 [00:00<00:00,  4.00it/s]

Epoch 96/100:   0%|          | 0/2 [00:00<?, ?it/s]
Epoch 96/100:  50%|█████     | 1/2 [00:00<00:00,  2.51it/s]
Epoch 96/100: 100%|██████████| 2/2 [00:00<00:00,  4.47it/s]
Epoch 96/100: 100%|██████████| 2/2 [00:00<00:00,  3.34it/s]

Epoch 97/100:   0%|          | 0/2 [00:00<?, ?it/s]
Epoch 97/100:  50%|█████     | 1/2 [00:00<00:00,  2.00it/s]
Epoch 97/100: 100%|██████████| 2/2 [00:00<00:00,  3.09it/s]
Epoch 97/100: 100%|██████████| 2/2 [00:00<00:00,  2.86it/s]

Epoch 98/100:   0%|          | 0/2 [00:00<?, ?it/s]
Epoch 98/100:  50%|█████     | 1/2 [00:00<00:00,  3.34it/s]
Epoch 98/100: 100%|██████████| 2/2 [00:00<00:00,  3.33it/s]
Epoch 98/100: 100%|██████████| 2/2 [00:00<00:00,  3.33it/s]

Epoch 99/100:   0%|          | 0/2 [00:00<?, ?it/s]
Epoch 99/100:  50%|█████     | 1/2 [00:00<00:00,  3.34it/s]
Epoch 99/100: 100%|██████████| 2/2 [00:00<00:00,  3.34it/s]
Epoch 99/100: 100%|██████████| 2/2 [00:00<00:00,  3.34it/s]

Epoch 100/100:   0%|          | 0/2 [00:00<?, ?it/s]
Epoch 100/100:  50%|█████     | 1/2 [00:00<00:00,  2.50it/s]
Epoch 100/100: 100%|██████████| 2/2 [00:00<00:00,  2.50it/s]
Epoch 100/100: 100%|██████████| 2/2 [00:00<00:00,  2.50it/s]
Traceback (most recent call last):
  File "/workspace/rec_based_kg/src/models/transe.py", line 288, in <module>
    main()
  File "/workspace/rec_based_kg/src/models/transe.py", line 282, in main
    evaluate_embeddings(entity_embeddings, entity_to_id)
  File "/workspace/rec_based_kg/src/models/transe.py", line 256, in evaluate_embeddings
    json.dump(results, f, ensure_ascii=False, indent=2)
  File "/root/.pyenv/versions/3.11.1/lib/python3.11/json/__init__.py", line 179, in dump
    for chunk in iterable:
  File "/root/.pyenv/versions/3.11.1/lib/python3.11/json/encoder.py", line 432, in _iterencode
    yield from _iterencode_dict(o, _current_indent_level)
  File "/root/.pyenv/versions/3.11.1/lib/python3.11/json/encoder.py", line 406, in _iterencode_dict
    yield from chunks
  File "/root/.pyenv/versions/3.11.1/lib/python3.11/json/encoder.py", line 326, in _iterencode_list
    yield from chunks
  File "/root/.pyenv/versions/3.11.1/lib/python3.11/json/encoder.py", line 326, in _iterencode_list
    yield from chunks
  File "/root/.pyenv/versions/3.11.1/lib/python3.11/json/encoder.py", line 439, in _iterencode
    o = _default(o)
        ^^^^^^^^^^^
  File "/root/.pyenv/versions/3.11.1/lib/python3.11/json/encoder.py", line 180, in default
    raise TypeError(f'Object of type {o.__class__.__name__} '
TypeError: Object of type float32 is not JSON serializable

2025-10-31 07:20:30,048 - music_recommendation - ERROR - 模型训练失败，停止执行
2025-10-31 07:26:35,437 - music_recommendation - INFO - 检查必要的目录结构...
2025-10-31 07:26:35,437 - music_recommendation - INFO - 目录已存在: /workspace/rec_based_kg/data
2025-10-31 07:26:35,437 - music_recommendation - INFO - 目录已存在: /workspace/rec_based_kg/data/raw
2025-10-31 07:26:35,437 - music_recommendation - INFO - 目录已存在: /workspace/rec_based_kg/data/processed
2025-10-31 07:26:35,437 - music_recommendation - INFO - 目录已存在: /workspace/rec_based_kg/data/models
2025-10-31 07:26:35,437 - music_recommendation - INFO - 开始加载和处理数据...
2025-10-31 07:26:36,151 - music_recommendation - INFO - 数据加载完成: 开始加载Last.fm数据集...
已保存 artists 数据到 /workspace/rec_based_kg/data/processed/artists.csv
artists 数据共 100 条记录
已保存 tracks 数据到 /workspace/rec_based_kg/data/processed/tracks.csv
tracks 数据共 500 条记录
已保存 user_listens 数据到 /workspace/rec_based_kg/data/processed/user_listens.csv
user_listens 数据共 5044 条记录
开始加载MusicBrainz子集数据...
已保存专辑数据到 /workspace/rec_based_kg/data/processed/albums.csv
已保存专辑-曲目关系到 /workspace/rec_based_kg/data/processed/album_tracks.csv
开始提取三元组数据...
已提取 2879 个三元组并保存到 /workspace/rec_based_kg/data/processed/kg_triplets.csv
已创建实体映射（820个实体）和关系映射（4个关系）
数据加载和处理完成！

2025-10-31 07:26:36,152 - music_recommendation - INFO - 开始构建知识图谱...
2025-10-31 07:26:37,029 - music_recommendation - INFO - 知识图谱构建完成: 
2025-10-31 07:26:37,029 - music_recommendation - INFO - 开始训练TransE模型...
2025-10-31 07:27:30,968 - music_recommendation - INFO - 模型训练完成: 实体数量: 820
关系数量: 4
三元组数量: 2879
Epoch 1/100, Loss: 1.4164
Epoch 2/100, Loss: 1.3383
Epoch 3/100, Loss: 1.2237
Epoch 4/100, Loss: 1.1222
Epoch 5/100, Loss: 1.0111
Epoch 6/100, Loss: 0.9266
Epoch 7/100, Loss: 0.8702
Epoch 8/100, Loss: 0.7923
Epoch 9/100, Loss: 0.7936
Epoch 10/100, Loss: 0.7737
模型已保存到 /workspace/rec_based_kg/data/models/trane_model_epoch_10.pth
Epoch 11/100, Loss: 0.7219
Epoch 12/100, Loss: 0.7239
Epoch 13/100, Loss: 0.6840
Epoch 14/100, Loss: 0.6639
Epoch 15/100, Loss: 0.6668
Epoch 16/100, Loss: 0.6768
Epoch 17/100, Loss: 0.6769
Epoch 18/100, Loss: 0.6486
Epoch 19/100, Loss: 0.6188
Epoch 20/100, Loss: 0.6274
模型已保存到 /workspace/rec_based_kg/data/models/trane_model_epoch_20.pth
Epoch 21/100, Loss: 0.6392
Epoch 22/100, Loss: 0.6217
Epoch 23/100, Loss: 0.6097
Epoch 24/100, Loss: 0.6240
Epoch 25/100, Loss: 0.5810
Epoch 26/100, Loss: 0.5742
Epoch 27/100, Loss: 0.5959
Epoch 28/100, Loss: 0.5610
Epoch 29/100, Loss: 0.5742
Epoch 30/100, Loss: 0.5645
模型已保存到 /workspace/rec_based_kg/data/models/trane_model_epoch_30.pth
Epoch 31/100, Loss: 0.5434
Epoch 32/100, Loss: 0.5676
Epoch 33/100, Loss: 0.5454
Epoch 34/100, Loss: 0.5414
Epoch 35/100, Loss: 0.5532
Epoch 36/100, Loss: 0.5459
Epoch 37/100, Loss: 0.5119
Epoch 38/100, Loss: 0.5336
Epoch 39/100, Loss: 0.5093
Epoch 40/100, Loss: 0.5109
模型已保存到 /workspace/rec_based_kg/data/models/trane_model_epoch_40.pth
Epoch 41/100, Loss: 0.5085
Epoch 42/100, Loss: 0.5200
Epoch 43/100, Loss: 0.4801
Epoch 44/100, Loss: 0.4945
Epoch 45/100, Loss: 0.4883
Epoch 46/100, Loss: 0.4900
Epoch 47/100, Loss: 0.4756
Epoch 48/100, Loss: 0.4901
Epoch 49/100, Loss: 0.4769
Epoch 50/100, Loss: 0.4736
模型已保存到 /workspace/rec_based_kg/data/models/trane_model_epoch_50.pth
Epoch 51/100, Loss: 0.4791
Epoch 52/100, Loss: 0.4658
Epoch 53/100, Loss: 0.4597
Epoch 54/100, Loss: 0.4507
Epoch 55/100, Loss: 0.4641
Epoch 56/100, Loss: 0.4720
Epoch 57/100, Loss: 0.4782
Epoch 58/100, Loss: 0.4695
Epoch 59/100, Loss: 0.4619
Epoch 60/100, Loss: 0.4508
模型已保存到 /workspace/rec_based_kg/data/models/trane_model_epoch_60.pth
Epoch 61/100, Loss: 0.4501
Epoch 62/100, Loss: 0.4546
Epoch 63/100, Loss: 0.4503
Epoch 64/100, Loss: 0.4490
Epoch 65/100, Loss: 0.4557
Epoch 66/100, Loss: 0.4440
Epoch 67/100, Loss: 0.4449
Epoch 68/100, Loss: 0.4525
Epoch 69/100, Loss: 0.4589
Epoch 70/100, Loss: 0.4410
模型已保存到 /workspace/rec_based_kg/data/models/trane_model_epoch_70.pth
Epoch 71/100, Loss: 0.4475
Epoch 72/100, Loss: 0.4591
Epoch 73/100, Loss: 0.4542
Epoch 74/100, Loss: 0.4439
Epoch 75/100, Loss: 0.4411
Epoch 76/100, Loss: 0.4396
Epoch 77/100, Loss: 0.4488
Epoch 78/100, Loss: 0.4370
Epoch 79/100, Loss: 0.4453
Epoch 80/100, Loss: 0.4349
模型已保存到 /workspace/rec_based_kg/data/models/trane_model_epoch_80.pth
Epoch 81/100, Loss: 0.4404
Epoch 82/100, Loss: 0.4445
Epoch 83/100, Loss: 0.4310
Epoch 84/100, Loss: 0.4445
Epoch 85/100, Loss: 0.4457
Epoch 86/100, Loss: 0.4459
Epoch 87/100, Loss: 0.4301
Epoch 88/100, Loss: 0.4320
Epoch 89/100, Loss: 0.4363
Epoch 90/100, Loss: 0.4426
模型已保存到 /workspace/rec_based_kg/data/models/trane_model_epoch_90.pth
Epoch 91/100, Loss: 0.4377
Epoch 92/100, Loss: 0.4299
Epoch 93/100, Loss: 0.4364
Epoch 94/100, Loss: 0.4484
Epoch 95/100, Loss: 0.4348
Epoch 96/100, Loss: 0.4341
Epoch 97/100, Loss: 0.4313
Epoch 98/100, Loss: 0.4203
Epoch 99/100, Loss: 0.4513
Epoch 100/100, Loss: 0.4270
模型已保存到 /workspace/rec_based_kg/data/models/trane_model_epoch_100.pth
损失曲线已保存到 /workspace/rec_based_kg/data/models/training_loss.png
实体嵌入已保存到 /workspace/rec_based_kg/data/models/entity_embeddings.npy
关系嵌入已保存到 /workspace/rec_based_kg/data/models/relation_embeddings.npy
评估嵌入质量，计算Top-10相似实体...
相似度评估结果已保存到 /workspace/rec_based_kg/data/models/similarity_evaluation.json

相似度评估示例：

 'Genre 1' 的相似实体：
  - 'Genre 9': 0.9821
  -  'Genre 7': 0.9809
  - 'Genre 5': 0.9796
  - 'Genre 1': 0.9787
  -  'Genre 4': 0.9773
  -  'Genre 3': 0.9762
  -  'Genre 8': 0.9756
  - 'Genre 10': 0.9754
  - 'Genre 6': 0.9751
  -  'Genre 2': 0.9746

 'Genre 10' 的相似实体：
  -  'Genre 5': 0.9893
  -  'Genre 6': 0.9884
  -  'Genre 8': 0.9881
  - 'Genre 9': 0.9867
  - 'Genre 3': 0.9855
  - 'Genre 7': 0.9854
  -  'Genre 7': 0.9854
  - 'Genre 10': 0.9849
  - 'Genre 1': 0.9840
  -  'Genre 9': 0.9839

 'Genre 2' 的相似实体：
  -  'Genre 5': 0.9845
  -  'Genre 8': 0.9843
  - 'Genre 1': 0.9841
  -  'Genre 6': 0.9835
  -  'Genre 7': 0.9830
  - 'Genre 9': 0.9828
  -  'Genre 10': 0.9819
  -  'Genre 9': 0.9811
  - 'Genre 3': 0.9801
  -  'Genre 4': 0.9793

 'Genre 3' 的相似实体：
  - 'Genre 7': 0.9869
  - 'Genre 9': 0.9861
  -  'Genre 6': 0.9859
  -  'Genre 7': 0.9859
  -  'Genre 5': 0.9858
  - 'Genre 4': 0.9852
  - 'Genre 10': 0.9844
  - 'Genre 1': 0.9834
  -  'Genre 10': 0.9834
  -  'Genre 8': 0.9832

 'Genre 4' 的相似实体：
  - 'Genre 9': 0.9836
  - 'Genre 1': 0.9819
  -  'Genre 3': 0.9811
  -  'Genre 6': 0.9811
  -  'Genre 8': 0.9809
  -  'Genre 7': 0.9803
  -  'Genre 5': 0.9797
  -  'Genre 2': 0.9793
  -  'Genre 10': 0.9776
  -  'Genre 1': 0.9773

TransE模型训练和评估完成！

2025-10-31 07:27:30,968 - music_recommendation - INFO - 启动Web应用...
2025-10-31 07:27:30,969 - music_recommendation - INFO - 正在启动Flask应用...
2025-10-31 07:27:30,969 - music_recommendation - INFO - 请访问 http://localhost:5000 查看应用
2025-10-31 07:27:30,969 - music_recommendation - INFO - 按 Ctrl+C 停止应用
2025-10-31 07:27:32,461 - music_recommendation - ERROR - 应用启动失败: Command '['/root/.pyenv/versions/3.11.1/bin/python', 'src/app.py']' returned non-zero exit status 1.
2025-10-31 07:31:34,883 - music_recommendation - INFO - 检查必要的目录结构...
2025-10-31 07:31:34,883 - music_recommendation - INFO - 目录已存在: /workspace/rec_based_kg/data
2025-10-31 07:31:34,883 - music_recommendation - INFO - 目录已存在: /workspace/rec_based_kg/data/raw
2025-10-31 07:31:34,883 - music_recommendation - INFO - 目录已存在: /workspace/rec_based_kg/data/processed
2025-10-31 07:31:34,883 - music_recommendation - INFO - 目录已存在: /workspace/rec_based_kg/data/models
2025-10-31 07:31:34,883 - music_recommendation - INFO - 开始加载和处理数据...
2025-10-31 07:31:35,711 - music_recommendation - INFO - 数据加载完成: 开始加载Last.fm数据集...
已保存 artists 数据到 /workspace/rec_based_kg/data/processed/artists.csv
artists 数据共 100 条记录
已保存 tracks 数据到 /workspace/rec_based_kg/data/processed/tracks.csv
tracks 数据共 500 条记录
已保存 user_listens 数据到 /workspace/rec_based_kg/data/processed/user_listens.csv
user_listens 数据共 4875 条记录
开始加载MusicBrainz子集数据...
已保存专辑数据到 /workspace/rec_based_kg/data/processed/albums.csv
已保存专辑-曲目关系到 /workspace/rec_based_kg/data/processed/album_tracks.csv
开始提取三元组数据...
已提取 2775 个三元组并保存到 /workspace/rec_based_kg/data/processed/kg_triplets.csv
已创建实体映射（820个实体）和关系映射（4个关系）
数据加载和处理完成！

2025-10-31 07:31:35,712 - music_recommendation - INFO - 开始构建知识图谱...
2025-10-31 07:31:36,535 - music_recommendation - INFO - 知识图谱构建完成: 
2025-10-31 07:31:36,535 - music_recommendation - INFO - 开始训练TransE模型...
2025-10-31 07:32:45,549 - music_recommendation - INFO - 模型训练完成: 实体数量: 820
关系数量: 4
三元组数量: 2775
Epoch 1/100, Loss: 1.4778
Epoch 2/100, Loss: 1.3858
Epoch 3/100, Loss: 1.2809
Epoch 4/100, Loss: 1.1711
Epoch 5/100, Loss: 1.0790
Epoch 6/100, Loss: 0.9883
Epoch 7/100, Loss: 0.9107
Epoch 8/100, Loss: 0.8713
Epoch 9/100, Loss: 0.8136
Epoch 10/100, Loss: 0.8112
模型已保存到 /workspace/rec_based_kg/data/models/trane_model_epoch_10.pth
Epoch 11/100, Loss: 0.7681
Epoch 12/100, Loss: 0.7445
Epoch 13/100, Loss: 0.7348
Epoch 14/100, Loss: 0.7241
Epoch 15/100, Loss: 0.7004
Epoch 16/100, Loss: 0.6899
Epoch 17/100, Loss: 0.6663
Epoch 18/100, Loss: 0.6818
Epoch 19/100, Loss: 0.6730
Epoch 20/100, Loss: 0.6609
模型已保存到 /workspace/rec_based_kg/data/models/trane_model_epoch_20.pth
Epoch 21/100, Loss: 0.6248
Epoch 22/100, Loss: 0.6229
Epoch 23/100, Loss: 0.6173
Epoch 24/100, Loss: 0.6229
Epoch 25/100, Loss: 0.6055
Epoch 26/100, Loss: 0.5810
Epoch 27/100, Loss: 0.5984
Epoch 28/100, Loss: 0.5899
Epoch 29/100, Loss: 0.6041
Epoch 30/100, Loss: 0.5734
模型已保存到 /workspace/rec_based_kg/data/models/trane_model_epoch_30.pth
Epoch 31/100, Loss: 0.5795
Epoch 32/100, Loss: 0.5638
Epoch 33/100, Loss: 0.5524
Epoch 34/100, Loss: 0.5779
Epoch 35/100, Loss: 0.5589
Epoch 36/100, Loss: 0.5506
Epoch 37/100, Loss: 0.5452
Epoch 38/100, Loss: 0.5200
Epoch 39/100, Loss: 0.5380
Epoch 40/100, Loss: 0.5297
模型已保存到 /workspace/rec_based_kg/data/models/trane_model_epoch_40.pth
Epoch 41/100, Loss: 0.5130
Epoch 42/100, Loss: 0.5169
Epoch 43/100, Loss: 0.4975
Epoch 44/100, Loss: 0.5152
Epoch 45/100, Loss: 0.4910
Epoch 46/100, Loss: 0.4960
Epoch 47/100, Loss: 0.5051
Epoch 48/100, Loss: 0.5122
Epoch 49/100, Loss: 0.4941
Epoch 50/100, Loss: 0.4780
模型已保存到 /workspace/rec_based_kg/data/models/trane_model_epoch_50.pth
Epoch 51/100, Loss: 0.4774
Epoch 52/100, Loss: 0.4714
Epoch 53/100, Loss: 0.4828
Epoch 54/100, Loss: 0.4817
Epoch 55/100, Loss: 0.4841
Epoch 56/100, Loss: 0.4715
Epoch 57/100, Loss: 0.4775
Epoch 58/100, Loss: 0.4724
Epoch 59/100, Loss: 0.4754
Epoch 60/100, Loss: 0.4443
模型已保存到 /workspace/rec_based_kg/data/models/trane_model_epoch_60.pth
Epoch 61/100, Loss: 0.4658
Epoch 62/100, Loss: 0.4690
Epoch 63/100, Loss: 0.4668
Epoch 64/100, Loss: 0.4655
Epoch 65/100, Loss: 0.4558
Epoch 66/100, Loss: 0.4522
Epoch 67/100, Loss: 0.4560
Epoch 68/100, Loss: 0.4664
Epoch 69/100, Loss: 0.4593
Epoch 70/100, Loss: 0.4598
模型已保存到 /workspace/rec_based_kg/data/models/trane_model_epoch_70.pth
Epoch 71/100, Loss: 0.4600
Epoch 72/100, Loss: 0.4468
Epoch 73/100, Loss: 0.4645
Epoch 74/100, Loss: 0.4534
Epoch 75/100, Loss: 0.4372
Epoch 76/100, Loss: 0.4527
Epoch 77/100, Loss: 0.4449
Epoch 78/100, Loss: 0.4480
Epoch 79/100, Loss: 0.4476
Epoch 80/100, Loss: 0.4503
模型已保存到 /workspace/rec_based_kg/data/models/trane_model_epoch_80.pth
Epoch 81/100, Loss: 0.4490
Epoch 82/100, Loss: 0.4475
Epoch 83/100, Loss: 0.4466
Epoch 84/100, Loss: 0.4421
Epoch 85/100, Loss: 0.4416
Epoch 86/100, Loss: 0.4400
Epoch 87/100, Loss: 0.4471
Epoch 88/100, Loss: 0.4348
Epoch 89/100, Loss: 0.4459
Epoch 90/100, Loss: 0.4406
模型已保存到 /workspace/rec_based_kg/data/models/trane_model_epoch_90.pth
Epoch 91/100, Loss: 0.4340
Epoch 92/100, Loss: 0.4394
Epoch 93/100, Loss: 0.4456
Epoch 94/100, Loss: 0.4402
Epoch 95/100, Loss: 0.4446
Epoch 96/100, Loss: 0.4298
Epoch 97/100, Loss: 0.4371
Epoch 98/100, Loss: 0.4616
Epoch 99/100, Loss: 0.4410
Epoch 100/100, Loss: 0.4463
模型已保存到 /workspace/rec_based_kg/data/models/trane_model_epoch_100.pth
损失曲线已保存到 /workspace/rec_based_kg/data/models/training_loss.png
实体嵌入已保存到 /workspace/rec_based_kg/data/models/entity_embeddings.npy
关系嵌入已保存到 /workspace/rec_based_kg/data/models/relation_embeddings.npy
评估嵌入质量，计算Top-10相似实体...
相似度评估结果已保存到 /workspace/rec_based_kg/data/models/similarity_evaluation.json

相似度评估示例：

 'Genre 1' 的相似实体：
  - 'Genre 9': 0.9909
  - 'Genre 2': 0.9905
  - 'Genre 7': 0.9905
  -  'Genre 3': 0.9901
  -  'Genre 5': 0.9897
  - 'Genre 5': 0.9896
  - 'Genre 4': 0.9892
  -  'Genre 4': 0.9889
  - 'Genre 1': 0.9880
  -  'Genre 2': 0.9880

 'Genre 10' 的相似实体：
  - 'Genre 1': 0.9890
  -  'Genre 5': 0.9877
  -  'Genre 1': 0.9872
  - 'Genre 9': 0.9865
  -  'Genre 9': 0.9863
  - 'Genre 5': 0.9862
  - 'Genre 7': 0.9862
  -  'Genre 6': 0.9852
  - 'Genre 10': 0.9850
  - 'Genre 6': 0.9845

 'Genre 2' 的相似实体：
  -  'Genre 4': 0.9887
  -  'Genre 1': 0.9880
  - 'Genre 2': 0.9876
  - 'Genre 5': 0.9869
  - 'Genre 6': 0.9868
  -  'Genre 5': 0.9864
  -  'Genre 3': 0.9857
  - 'Genre 7': 0.9857
  - 'Genre 4': 0.9854
  - 'Genre 9': 0.9846

 'Genre 3' 的相似实体：
  -  'Genre 1': 0.9901
  - 'Genre 4': 0.9886
  - 'Genre 9': 0.9879
  -  'Genre 4': 0.9878
  - 'Genre 7': 0.9870
  - 'Genre 1': 0.9868
  - 'Genre 2': 0.9868
  - 'Genre 5': 0.9864
  -  'Genre 8': 0.9861
  -  'Genre 2': 0.9857

 'Genre 4' 的相似实体：
  -  'Genre 1': 0.9889
  -  'Genre 2': 0.9887
  - 'Genre 5': 0.9886
  - 'Genre 9': 0.9882
  - 'Genre 2': 0.9881
  - 'Genre 1': 0.9880
  -  'Genre 3': 0.9878
  - 'Genre 7': 0.9875
  -  'Genre 5': 0.9869
  - 'Genre 6': 0.9855

TransE模型训练和评估完成！

2025-10-31 07:32:45,550 - music_recommendation - INFO - 启动Web应用...
2025-10-31 07:32:45,550 - music_recommendation - INFO - 正在启动Flask应用...
2025-10-31 07:32:45,550 - music_recommendation - INFO - 请访问 http://localhost:5000 查看应用
2025-10-31 07:32:45,550 - music_recommendation - INFO - 按 Ctrl+C 停止应用
2025-10-31 07:32:47,053 - music_recommendation - ERROR - 应用启动失败: Command '['/root/.pyenv/versions/3.11.1/bin/python', 'src/app.py']' returned non-zero exit status 1.
2025-10-31 07:34:34,618 - music_recommendation - INFO - 检查必要的目录结构...
2025-10-31 07:34:34,618 - music_recommendation - INFO - 目录已存在: /workspace/rec_based_kg/data
2025-10-31 07:34:34,618 - music_recommendation - INFO - 目录已存在: /workspace/rec_based_kg/data/raw
2025-10-31 07:34:34,618 - music_recommendation - INFO - 目录已存在: /workspace/rec_based_kg/data/processed
2025-10-31 07:34:34,618 - music_recommendation - INFO - 目录已存在: /workspace/rec_based_kg/data/models
2025-10-31 07:34:34,619 - music_recommendation - INFO - 开始加载和处理数据...
2025-10-31 07:34:35,360 - music_recommendation - INFO - 数据加载完成: 开始加载Last.fm数据集...
已保存 artists 数据到 /workspace/rec_based_kg/data/processed/artists.csv
artists 数据共 100 条记录
已保存 tracks 数据到 /workspace/rec_based_kg/data/processed/tracks.csv
tracks 数据共 500 条记录
已保存 user_listens 数据到 /workspace/rec_based_kg/data/processed/user_listens.csv
user_listens 数据共 4944 条记录
开始加载MusicBrainz子集数据...
已保存专辑数据到 /workspace/rec_based_kg/data/processed/albums.csv
已保存专辑-曲目关系到 /workspace/rec_based_kg/data/processed/album_tracks.csv
开始提取三元组数据...
已提取 2875 个三元组并保存到 /workspace/rec_based_kg/data/processed/kg_triplets.csv
已创建实体映射（820个实体）和关系映射（4个关系）
数据加载和处理完成！

2025-10-31 07:34:35,361 - music_recommendation - INFO - 开始构建知识图谱...
2025-10-31 07:34:36,262 - music_recommendation - INFO - 知识图谱构建完成: 
2025-10-31 07:34:36,262 - music_recommendation - INFO - 开始训练TransE模型...
2025-10-31 07:35:31,518 - music_recommendation - INFO - 模型训练完成: 实体数量: 820
关系数量: 4
三元组数量: 2875
Epoch 1/100, Loss: 1.4262
Epoch 2/100, Loss: 1.3427
Epoch 3/100, Loss: 1.2369
Epoch 4/100, Loss: 1.1301
Epoch 5/100, Loss: 1.0330
Epoch 6/100, Loss: 0.9655
Epoch 7/100, Loss: 0.8968
Epoch 8/100, Loss: 0.8604
Epoch 9/100, Loss: 0.7886
Epoch 10/100, Loss: 0.7835
模型已保存到 /workspace/rec_based_kg/data/models/trane_model_epoch_10.pth
Epoch 11/100, Loss: 0.7603
Epoch 12/100, Loss: 0.7234
Epoch 13/100, Loss: 0.7054
Epoch 14/100, Loss: 0.7087
Epoch 15/100, Loss: 0.6658
Epoch 16/100, Loss: 0.6785
Epoch 17/100, Loss: 0.6449
Epoch 18/100, Loss: 0.6962
Epoch 19/100, Loss: 0.6391
Epoch 20/100, Loss: 0.6209
模型已保存到 /workspace/rec_based_kg/data/models/trane_model_epoch_20.pth
Epoch 21/100, Loss: 0.6558
Epoch 22/100, Loss: 0.6124
Epoch 23/100, Loss: 0.6218
Epoch 24/100, Loss: 0.5988
Epoch 25/100, Loss: 0.5738
Epoch 26/100, Loss: 0.6026
Epoch 27/100, Loss: 0.5771
Epoch 28/100, Loss: 0.5517
Epoch 29/100, Loss: 0.5709
Epoch 30/100, Loss: 0.5423
模型已保存到 /workspace/rec_based_kg/data/models/trane_model_epoch_30.pth
Epoch 31/100, Loss: 0.5733
Epoch 32/100, Loss: 0.5520
Epoch 33/100, Loss: 0.5544
Epoch 34/100, Loss: 0.5464
Epoch 35/100, Loss: 0.5527
Epoch 36/100, Loss: 0.5390
Epoch 37/100, Loss: 0.5500
Epoch 38/100, Loss: 0.5296
Epoch 39/100, Loss: 0.5343
Epoch 40/100, Loss: 0.5306
模型已保存到 /workspace/rec_based_kg/data/models/trane_model_epoch_40.pth
Epoch 41/100, Loss: 0.5290
Epoch 42/100, Loss: 0.5154
Epoch 43/100, Loss: 0.5213
Epoch 44/100, Loss: 0.5113
Epoch 45/100, Loss: 0.4961
Epoch 46/100, Loss: 0.4902
Epoch 47/100, Loss: 0.4835
Epoch 48/100, Loss: 0.4920
Epoch 49/100, Loss: 0.4792
Epoch 50/100, Loss: 0.4746
模型已保存到 /workspace/rec_based_kg/data/models/trane_model_epoch_50.pth
Epoch 51/100, Loss: 0.4642
Epoch 52/100, Loss: 0.4669
Epoch 53/100, Loss: 0.4867
Epoch 54/100, Loss: 0.4700
Epoch 55/100, Loss: 0.4704
Epoch 56/100, Loss: 0.4668
Epoch 57/100, Loss: 0.4785
Epoch 58/100, Loss: 0.4616
Epoch 59/100, Loss: 0.4643
Epoch 60/100, Loss: 0.4691
模型已保存到 /workspace/rec_based_kg/data/models/trane_model_epoch_60.pth
Epoch 61/100, Loss: 0.4525
Epoch 62/100, Loss: 0.4645
Epoch 63/100, Loss: 0.4476
Epoch 64/100, Loss: 0.4738
Epoch 65/100, Loss: 0.4583
Epoch 66/100, Loss: 0.4486
Epoch 67/100, Loss: 0.4563
Epoch 68/100, Loss: 0.4423
Epoch 69/100, Loss: 0.4588
Epoch 70/100, Loss: 0.4664
模型已保存到 /workspace/rec_based_kg/data/models/trane_model_epoch_70.pth
Epoch 71/100, Loss: 0.4582
Epoch 72/100, Loss: 0.4494
Epoch 73/100, Loss: 0.4406
Epoch 74/100, Loss: 0.4514
Epoch 75/100, Loss: 0.4511
Epoch 76/100, Loss: 0.4371
Epoch 77/100, Loss: 0.4506
Epoch 78/100, Loss: 0.4412
Epoch 79/100, Loss: 0.4562
Epoch 80/100, Loss: 0.4550
模型已保存到 /workspace/rec_based_kg/data/models/trane_model_epoch_80.pth
Epoch 81/100, Loss: 0.4399
Epoch 82/100, Loss: 0.4577
Epoch 83/100, Loss: 0.4461
Epoch 84/100, Loss: 0.4467
Epoch 85/100, Loss: 0.4515
Epoch 86/100, Loss: 0.4325
Epoch 87/100, Loss: 0.4545
Epoch 88/100, Loss: 0.4441
Epoch 89/100, Loss: 0.4597
Epoch 90/100, Loss: 0.4480
模型已保存到 /workspace/rec_based_kg/data/models/trane_model_epoch_90.pth
Epoch 91/100, Loss: 0.4557
Epoch 92/100, Loss: 0.4372
Epoch 93/100, Loss: 0.4482
Epoch 94/100, Loss: 0.4439
Epoch 95/100, Loss: 0.4474
Epoch 96/100, Loss: 0.4530
Epoch 97/100, Loss: 0.4575
Epoch 98/100, Loss: 0.4362
Epoch 99/100, Loss: 0.4338
Epoch 100/100, Loss: 0.4472
模型已保存到 /workspace/rec_based_kg/data/models/trane_model_epoch_100.pth
损失曲线已保存到 /workspace/rec_based_kg/data/models/training_loss.png
实体嵌入已保存到 /workspace/rec_based_kg/data/models/entity_embeddings.npy
关系嵌入已保存到 /workspace/rec_based_kg/data/models/relation_embeddings.npy
评估嵌入质量，计算Top-10相似实体...
相似度评估结果已保存到 /workspace/rec_based_kg/data/models/similarity_evaluation.json

相似度评估示例：

 'Genre 1' 的相似实体：
  -  'Genre 8': 0.9857
  - 'Genre 9': 0.9853
  -  'Genre 3': 0.9843
  - 'Genre 10': 0.9835
  -  'Genre 5': 0.9831
  -  'Genre 2': 0.9828
  - 'Genre 1': 0.9815
  - 'Genre 6': 0.9809
  - 'Genre 2': 0.9801
  - 'Genre 8': 0.9791

 'Genre 10' 的相似实体：
  - 'Genre 9': 0.9823
  - 'Genre 2': 0.9815
  -  'Genre 3': 0.9809
  - 'Genre 10': 0.9809
  - 'Genre 3': 0.9804
  -  'Genre 8': 0.9796
  - 'Genre 8': 0.9781
  -  'Genre 5': 0.9777
  - 'Genre 4': 0.9773
  - 'Genre 6': 0.9758

 'Genre 2' 的相似实体：
  -  'Genre 3': 0.9906
  - 'Genre 9': 0.9897
  - 'Genre 5': 0.9864
  - 'Genre 6': 0.9861
  - 'Genre 2': 0.9860
  - 'Genre 8': 0.9858
  -  'Genre 5': 0.9856
  -  'Genre 8': 0.9855
  - 'Genre 3': 0.9835
  -  'Genre 1': 0.9828

 'Genre 3' 的相似实体：
  -  'Genre 2': 0.9906
  - 'Genre 9': 0.9884
  -  'Genre 5': 0.9882
  - 'Genre 2': 0.9875
  -  'Genre 8': 0.9871
  - 'Genre 6': 0.9846
  -  'Genre 1': 0.9843
  -  'Genre 9': 0.9839
  - 'Genre 8': 0.9831
  - 'Genre 4': 0.9829

 'Genre 4' 的相似实体：
  -  'Genre 3': 0.9769
  -  'Genre 9': 0.9751
  -  'Genre 8': 0.9740
  - 'Genre 4': 0.9728
  - 'Genre 6': 0.9725
  -  'Genre 2': 0.9724
  - 'Genre 7': 0.9718
  - 'Genre 2': 0.9717
  - 'Genre 9': 0.9715
  - 'Genre 3': 0.9704

TransE模型训练和评估完成！

2025-10-31 07:35:31,519 - music_recommendation - INFO - 启动Web应用...
2025-10-31 07:35:31,519 - music_recommendation - INFO - 正在启动Flask应用...
2025-10-31 07:35:31,519 - music_recommendation - INFO - 请访问 http://localhost:5000 查看应用
2025-10-31 07:35:31,519 - music_recommendation - INFO - 按 Ctrl+C 停止应用
2025-10-31 07:45:34,377 - music_recommendation - INFO - 检查必要的目录结构...
2025-10-31 07:45:34,378 - music_recommendation - INFO - 目录已存在: /workspace/rec_based_kg/data
2025-10-31 07:45:34,378 - music_recommendation - INFO - 目录已存在: /workspace/rec_based_kg/data/raw
2025-10-31 07:45:34,378 - music_recommendation - INFO - 目录已存在: /workspace/rec_based_kg/data/processed
2025-10-31 07:45:34,378 - music_recommendation - INFO - 目录已存在: /workspace/rec_based_kg/data/models
2025-10-31 07:45:34,378 - music_recommendation - INFO - 开始加载和处理数据...
2025-10-31 07:45:35,688 - music_recommendation - INFO - 数据加载完成: 开始加载Last.fm数据集...
已保存 artists 数据到 /workspace/rec_based_kg/data/processed/artists.csv
artists 数据共 100 条记录
已保存 tracks 数据到 /workspace/rec_based_kg/data/processed/tracks.csv
tracks 数据共 500 条记录
已保存 user_listens 数据到 /workspace/rec_based_kg/data/processed/user_listens.csv
user_listens 数据共 4976 条记录
开始加载MusicBrainz子集数据...
已保存专辑数据到 /workspace/rec_based_kg/data/processed/albums.csv
已保存专辑-曲目关系到 /workspace/rec_based_kg/data/processed/album_tracks.csv
开始提取三元组数据...
已提取 2794 个三元组并保存到 /workspace/rec_based_kg/data/processed/kg_triplets.csv
已创建实体映射（820个实体）和关系映射（4个关系）
数据加载和处理完成！

2025-10-31 07:45:35,688 - music_recommendation - INFO - 开始构建知识图谱...
2025-10-31 07:45:36,524 - music_recommendation - INFO - 知识图谱构建完成: 
2025-10-31 07:45:36,525 - music_recommendation - INFO - 开始训练TransE模型...
2025-10-31 07:51:04,171 - music_recommendation - INFO - 检查必要的目录结构...
2025-10-31 07:51:04,171 - music_recommendation - INFO - 目录已存在: /workspace/rec_based_kg/data
2025-10-31 07:51:04,171 - music_recommendation - INFO - 目录已存在: /workspace/rec_based_kg/data/raw
2025-10-31 07:51:04,171 - music_recommendation - INFO - 目录已存在: /workspace/rec_based_kg/data/processed
2025-10-31 07:51:04,171 - music_recommendation - INFO - 目录已存在: /workspace/rec_based_kg/data/models
2025-10-31 07:51:04,171 - music_recommendation - INFO - 开始加载和处理数据...
2025-10-31 07:51:04,752 - music_recommendation - INFO - 数据加载完成: 开始加载Last.fm数据集...
已保存 artists 数据到 /workspace/rec_based_kg/data/processed/artists.csv
artists 数据共 100 条记录
已保存 tracks 数据到 /workspace/rec_based_kg/data/processed/tracks.csv
tracks 数据共 500 条记录
已保存 user_listens 数据到 /workspace/rec_based_kg/data/processed/user_listens.csv
user_listens 数据共 4898 条记录
开始加载MusicBrainz子集数据...
已保存专辑数据到 /workspace/rec_based_kg/data/processed/albums.csv
已保存专辑-曲目关系到 /workspace/rec_based_kg/data/processed/album_tracks.csv
开始提取三元组数据...
已提取 2880 个三元组并保存到 /workspace/rec_based_kg/data/processed/kg_triplets.csv
已创建实体映射（820个实体）和关系映射（4个关系）
数据加载和处理完成！

2025-10-31 07:51:04,752 - music_recommendation - INFO - 开始构建知识图谱...
2025-10-31 07:51:05,541 - music_recommendation - INFO - 知识图谱构建完成: 
2025-10-31 07:51:05,541 - music_recommendation - INFO - 开始训练TransE模型...
2025-10-31 07:58:23,469 - music_recommendation - INFO - 检查必要的目录结构...
2025-10-31 07:58:23,469 - music_recommendation - INFO - 目录已存在: /workspace/rec_based_kg/data
2025-10-31 07:58:23,469 - music_recommendation - INFO - 目录已存在: /workspace/rec_based_kg/data/raw
2025-10-31 07:58:23,469 - music_recommendation - INFO - 目录已存在: /workspace/rec_based_kg/data/processed
2025-10-31 07:58:23,469 - music_recommendation - INFO - 目录已存在: /workspace/rec_based_kg/data/models
2025-10-31 07:58:23,469 - music_recommendation - INFO - 开始加载和处理数据...
2025-10-31 07:58:24,229 - music_recommendation - INFO - 数据加载完成: 开始加载Last.fm数据集...
已保存 artists 数据到 /workspace/rec_based_kg/data/processed/artists.csv
artists 数据共 100 条记录
已保存 tracks 数据到 /workspace/rec_based_kg/data/processed/tracks.csv
tracks 数据共 500 条记录
已保存 user_listens 数据到 /workspace/rec_based_kg/data/processed/user_listens.csv
user_listens 数据共 4924 条记录
开始加载MusicBrainz子集数据...
已保存专辑数据到 /workspace/rec_based_kg/data/processed/albums.csv
已保存专辑-曲目关系到 /workspace/rec_based_kg/data/processed/album_tracks.csv
开始提取三元组数据...
已提取 2870 个三元组并保存到 /workspace/rec_based_kg/data/processed/kg_triplets.csv
已创建实体映射（820个实体）和关系映射（4个关系）
数据加载和处理完成！

2025-10-31 07:58:24,230 - music_recommendation - INFO - 开始构建知识图谱...
2025-10-31 07:58:25,052 - music_recommendation - INFO - 知识图谱构建完成: 
2025-10-31 07:58:25,052 - music_recommendation - INFO - 开始训练TransE模型...
2025-10-31 08:01:58,615 - music_recommendation - INFO - 检查必要的目录结构...
2025-10-31 08:01:58,616 - music_recommendation - INFO - 目录已存在: /workspace/rec_based_kg/data
2025-10-31 08:01:58,616 - music_recommendation - INFO - 目录已存在: /workspace/rec_based_kg/data/raw
2025-10-31 08:01:58,616 - music_recommendation - INFO - 目录已存在: /workspace/rec_based_kg/data/processed
2025-10-31 08:01:58,616 - music_recommendation - INFO - 目录已存在: /workspace/rec_based_kg/data/models
2025-10-31 08:01:58,616 - music_recommendation - INFO - 开始加载和处理数据...
2025-10-31 08:01:59,400 - music_recommendation - INFO - 数据加载完成: 开始加载Last.fm数据集...
已保存 artists 数据到 /workspace/rec_based_kg/data/processed/artists.csv
artists 数据共 100 条记录
已保存 tracks 数据到 /workspace/rec_based_kg/data/processed/tracks.csv
tracks 数据共 500 条记录
已保存 user_listens 数据到 /workspace/rec_based_kg/data/processed/user_listens.csv
user_listens 数据共 5031 条记录
开始加载MusicBrainz子集数据...
已保存专辑数据到 /workspace/rec_based_kg/data/processed/albums.csv
已保存专辑-曲目关系到 /workspace/rec_based_kg/data/processed/album_tracks.csv
开始提取三元组数据...
已提取 2838 个三元组并保存到 /workspace/rec_based_kg/data/processed/kg_triplets.csv
已创建实体映射（820个实体）和关系映射（4个关系）
数据加载和处理完成！

2025-10-31 08:01:59,400 - music_recommendation - INFO - 开始构建知识图谱...
2025-10-31 08:02:00,152 - music_recommendation - INFO - 知识图谱构建完成: 
2025-10-31 08:02:00,152 - music_recommendation - INFO - 开始训练TransE模型...
2025-10-31 08:23:42,813 - music_recommendation - INFO - 检查必要的目录结构...
2025-10-31 08:23:42,813 - music_recommendation - INFO - 目录已存在: /workspace/rec_based_kg/data
2025-10-31 08:23:42,813 - music_recommendation - INFO - 目录已存在: /workspace/rec_based_kg/data/raw
2025-10-31 08:23:42,813 - music_recommendation - INFO - 目录已存在: /workspace/rec_based_kg/data/processed
2025-10-31 08:23:42,813 - music_recommendation - INFO - 目录已存在: /workspace/rec_based_kg/data/models
2025-10-31 08:23:42,813 - music_recommendation - INFO - 开始加载和处理数据...
2025-10-31 08:23:43,585 - music_recommendation - INFO - 数据加载完成: 开始加载Last.fm数据集...
已保存 artists 数据到 /workspace/rec_based_kg/data/processed/artists.csv
artists 数据共 100 条记录
已保存 tracks 数据到 /workspace/rec_based_kg/data/processed/tracks.csv
tracks 数据共 500 条记录
已保存 user_listens 数据到 /workspace/rec_based_kg/data/processed/user_listens.csv
user_listens 数据共 4871 条记录
开始加载MusicBrainz子集数据...
已保存专辑数据到 /workspace/rec_based_kg/data/processed/albums.csv
已保存专辑-曲目关系到 /workspace/rec_based_kg/data/processed/album_tracks.csv
开始提取三元组数据...
已提取 2839 个三元组并保存到 /workspace/rec_based_kg/data/processed/kg_triplets.csv
已创建实体映射（820个实体）和关系映射（4个关系）
数据加载和处理完成！

2025-10-31 08:23:43,585 - music_recommendation - INFO - 开始构建知识图谱...
2025-10-31 08:23:44,449 - music_recommendation - INFO - 知识图谱构建完成: 
2025-10-31 08:23:44,449 - music_recommendation - INFO - 开始训练TransE模型...
2025-10-31 08:31:30,724 - music_recommendation - INFO - 检查必要的目录结构...
2025-10-31 08:31:30,724 - music_recommendation - INFO - 目录已存在: /workspace/rec_based_kg/data
2025-10-31 08:31:30,724 - music_recommendation - INFO - 目录已存在: /workspace/rec_based_kg/data/raw
2025-10-31 08:31:30,724 - music_recommendation - INFO - 目录已存在: /workspace/rec_based_kg/data/processed
2025-10-31 08:31:30,724 - music_recommendation - INFO - 目录已存在: /workspace/rec_based_kg/data/models
2025-10-31 08:31:30,724 - music_recommendation - INFO - 开始加载和处理数据...
2025-10-31 08:31:31,406 - music_recommendation - INFO - 数据加载完成: === 数据预处理阶段 ===
本项目将处理以下类型的数据：
1. 艺术家 (artists)
2. 曲目 (tracks)
3. 专辑 (albums)
4. 专辑-曲目关系 (album_tracks)
5. 用户收听记录 (user_listens)
6. 知识图谱三元组 (kg_triplets)
7. 实体映射 (entity_to_id.json)
8. 关系映射 (relation_to_id.json)

开始加载Last.fm数据集...
已保存 artists 数据到 /workspace/rec_based_kg/data/processed/artists.csv
artists 数据共 100 条记录
已保存 tracks 数据到 /workspace/rec_based_kg/data/processed/tracks.csv
tracks 数据共 500 条记录
已保存 user_listens 数据到 /workspace/rec_based_kg/data/processed/user_listens.csv
user_listens 数据共 5018 条记录
开始加载MusicBrainz子集数据...
已保存专辑数据到 /workspace/rec_based_kg/data/processed/albums.csv
已保存专辑-曲目关系到 /workspace/rec_based_kg/data/processed/album_tracks.csv
开始提取三元组数据...
已提取 2778 个三元组并保存到 /workspace/rec_based_kg/data/processed/kg_triplets.csv
已创建实体映射（820个实体）和关系映射（4个关系）

=== 数据预处理完成 ===
所有数据已成功处理并保存！
处理的数据类型汇总：
1. 艺术家 (artists)
2. 曲目 (tracks)
3. 专辑 (albums)
4. 专辑-曲目关系 (album_tracks)
5. 用户收听记录 (user_listens)
6. 知识图谱三元组 (kg_triplets)
7. 实体映射 (entity_to_id.json)
8. 关系映射 (relation_to_id.json)

2025-10-31 08:31:31,406 - music_recommendation - INFO - 开始构建知识图谱...
2025-10-31 08:31:32,160 - music_recommendation - INFO - 知识图谱构建完成: 
2025-10-31 08:31:32,160 - music_recommendation - INFO - 开始训练TransE模型...
2025-10-31 08:39:34,883 - music_recommendation - INFO - 检查必要的目录结构...
2025-10-31 08:39:34,883 - music_recommendation - INFO - 目录已存在: /workspace/rec_based_kg/data
2025-10-31 08:39:34,883 - music_recommendation - INFO - 目录已存在: /workspace/rec_based_kg/data/raw
2025-10-31 08:39:34,883 - music_recommendation - INFO - 目录已存在: /workspace/rec_based_kg/data/processed
2025-10-31 08:39:34,883 - music_recommendation - INFO - 目录已存在: /workspace/rec_based_kg/data/models
2025-10-31 08:39:34,883 - music_recommendation - INFO - 开始加载和处理数据...
2025-10-31 08:39:35,535 - music_recommendation - INFO - 数据加载完成: === 数据预处理阶段 ===
本项目将处理以下类型的数据：
1. 艺术家 (artists)
2. 曲目 (tracks)
3. 专辑 (albums)
4. 专辑-曲目关系 (album_tracks)
5. 用户收听记录 (user_listens)
6. 知识图谱三元组 (kg_triplets)
7. 实体映射 (entity_to_id.json)
8. 关系映射 (relation_to_id.json)

开始加载Last.fm数据集...
已保存 artists 数据到 /workspace/rec_based_kg/data/processed/artists.csv
artists 数据共 100 条记录
已保存 tracks 数据到 /workspace/rec_based_kg/data/processed/tracks.csv
tracks 数据共 500 条记录
已保存 user_listens 数据到 /workspace/rec_based_kg/data/processed/user_listens.csv
user_listens 数据共 5101 条记录
开始加载MusicBrainz子集数据...
已保存专辑数据到 /workspace/rec_based_kg/data/processed/albums.csv
已保存专辑-曲目关系到 /workspace/rec_based_kg/data/processed/album_tracks.csv
开始提取三元组数据...
已提取 2773 个三元组并保存到 /workspace/rec_based_kg/data/processed/kg_triplets.csv
已创建实体映射（820个实体）和关系映射（4个关系）

=== 数据预处理完成 ===
所有数据已成功处理并保存！
处理的数据类型汇总：
1. 艺术家 (artists)
2. 曲目 (tracks)
3. 专辑 (albums)
4. 专辑-曲目关系 (album_tracks)
5. 用户收听记录 (user_listens)
6. 知识图谱三元组 (kg_triplets)
7. 实体映射 (entity_to_id.json)
8. 关系映射 (relation_to_id.json)

2025-10-31 08:39:35,535 - music_recommendation - INFO - 开始构建知识图谱...
2025-10-31 08:39:36,328 - music_recommendation - INFO - 知识图谱构建完成: 
2025-10-31 08:39:36,329 - music_recommendation - INFO - 开始训练TransE模型...
2025-10-31 08:47:34,015 - music_recommendation - INFO - 检查必要的目录结构...
2025-10-31 08:47:34,015 - music_recommendation - INFO - 目录已存在: /workspace/rec_based_kg/data
2025-10-31 08:47:34,015 - music_recommendation - INFO - 目录已存在: /workspace/rec_based_kg/data/raw
2025-10-31 08:47:34,015 - music_recommendation - INFO - 目录已存在: /workspace/rec_based_kg/data/processed
2025-10-31 08:47:34,015 - music_recommendation - INFO - 目录已存在: /workspace/rec_based_kg/data/models
2025-10-31 08:47:34,015 - music_recommendation - INFO - 开始加载和处理数据...
2025-10-31 08:47:34,764 - music_recommendation - INFO - 数据加载完成
2025-10-31 08:47:34,764 - music_recommendation - INFO - 开始构建知识图谱...
2025-10-31 08:47:35,726 - music_recommendation - INFO - 知识图谱构建完成
2025-10-31 08:47:35,726 - music_recommendation - INFO - 开始训练TransE模型...
2025-10-31 09:26:52,776 - music_recommendation - INFO - 检查必要的目录结构...
2025-10-31 09:26:52,776 - music_recommendation - INFO - 目录已存在: /workspace/rec_based_kg/data
2025-10-31 09:26:52,776 - music_recommendation - INFO - 目录已存在: /workspace/rec_based_kg/data/raw
2025-10-31 09:26:52,776 - music_recommendation - INFO - 目录已存在: /workspace/rec_based_kg/data/processed
2025-10-31 09:26:52,776 - music_recommendation - INFO - 目录已存在: /workspace/rec_based_kg/data/models
2025-10-31 09:26:52,776 - music_recommendation - INFO - 开始加载和处理数据...
2025-10-31 09:26:53,431 - music_recommendation - INFO - 数据加载完成
2025-10-31 09:26:53,431 - music_recommendation - INFO - 开始构建知识图谱...
2025-10-31 09:26:54,093 - music_recommendation - ERROR - 知识图谱构建失败
2025-10-31 09:26:54,093 - music_recommendation - ERROR - 请确保Neo4j数据库已启动并且连接配置正确
2025-10-31 09:26:54,093 - music_recommendation - ERROR - 知识图谱构建失败，停止执行
2025-10-31 09:31:27,843 - music_recommendation - INFO - 检查必要的目录结构...
2025-10-31 09:31:27,843 - music_recommendation - INFO - 目录已存在: /workspace/rec_based_kg/data
2025-10-31 09:31:27,843 - music_recommendation - INFO - 目录已存在: /workspace/rec_based_kg/data/raw
2025-10-31 09:31:27,843 - music_recommendation - INFO - 目录已存在: /workspace/rec_based_kg/data/processed
2025-10-31 09:31:27,843 - music_recommendation - INFO - 目录已存在: /workspace/rec_based_kg/data/models
2025-10-31 09:31:27,843 - music_recommendation - INFO - 开始加载和处理数据...
2025-10-31 09:31:28,514 - music_recommendation - INFO - 数据加载完成
2025-10-31 09:31:28,515 - music_recommendation - INFO - 开始构建知识图谱...
2025-10-31 09:31:29,008 - music_recommendation - ERROR - 知识图谱构建失败
2025-10-31 09:31:29,008 - music_recommendation - ERROR - 请确保Neo4j数据库已启动并且连接配置正确
2025-10-31 09:31:29,008 - music_recommendation - ERROR - 知识图谱构建失败，停止执行
2025-10-31 09:34:09,388 - music_recommendation - INFO - 检查必要的目录结构...
2025-10-31 09:34:09,389 - music_recommendation - INFO - 目录已存在: /workspace/rec_based_kg/data
2025-10-31 09:34:09,389 - music_recommendation - INFO - 目录已存在: /workspace/rec_based_kg/data/raw
2025-10-31 09:34:09,389 - music_recommendation - INFO - 目录已存在: /workspace/rec_based_kg/data/processed
2025-10-31 09:34:09,389 - music_recommendation - INFO - 目录已存在: /workspace/rec_based_kg/data/models
2025-10-31 09:34:09,389 - music_recommendation - INFO - 开始加载和处理数据...
2025-10-31 09:34:10,057 - music_recommendation - INFO - 数据加载完成
2025-10-31 09:34:10,057 - music_recommendation - INFO - 开始构建知识图谱...
2025-10-31 09:34:10,847 - music_recommendation - ERROR - 知识图谱构建失败
2025-10-31 09:34:10,847 - music_recommendation - ERROR - 请确保Neo4j数据库已启动并且连接配置正确
2025-10-31 09:34:10,847 - music_recommendation - ERROR - 知识图谱构建失败，停止执行
2025-10-31 09:35:25,726 - music_recommendation - INFO - 检查必要的目录结构...
2025-10-31 09:35:25,726 - music_recommendation - INFO - 目录已存在: /workspace/rec_based_kg/data
2025-10-31 09:35:25,726 - music_recommendation - INFO - 目录已存在: /workspace/rec_based_kg/data/raw
2025-10-31 09:35:25,726 - music_recommendation - INFO - 目录已存在: /workspace/rec_based_kg/data/processed
2025-10-31 09:35:25,726 - music_recommendation - INFO - 目录已存在: /workspace/rec_based_kg/data/models
2025-10-31 09:35:25,726 - music_recommendation - INFO - 开始加载和处理数据...
2025-10-31 09:35:26,350 - music_recommendation - INFO - 数据加载完成
2025-10-31 09:35:26,350 - music_recommendation - INFO - 开始构建知识图谱...
2025-10-31 09:35:27,061 - music_recommendation - INFO - 知识图谱构建完成
2025-10-31 09:35:27,061 - music_recommendation - INFO - 开始训练TransE模型...
2025-10-31 10:14:29,925 - music_recommendation - ERROR - 模型训练失败
2025-10-31 10:14:29,925 - music_recommendation - ERROR - 模型训练失败，停止执行
2025-10-31 11:05:34,407 - music_recommendation - INFO - 检查必要的目录结构...
2025-10-31 11:05:34,407 - music_recommendation - INFO - 目录已存在: /workspace/rec_based_kg/data
2025-10-31 11:05:34,407 - music_recommendation - INFO - 目录已存在: /workspace/rec_based_kg/data/raw
2025-10-31 11:05:34,407 - music_recommendation - INFO - 目录已存在: /workspace/rec_based_kg/data/processed
2025-10-31 11:05:34,407 - music_recommendation - INFO - 目录已存在: /workspace/rec_based_kg/data/models
2025-10-31 11:05:34,407 - music_recommendation - INFO - 开始加载和处理数据...
2025-10-31 11:05:35,137 - music_recommendation - INFO - 数据加载完成
2025-10-31 11:05:35,137 - music_recommendation - INFO - 开始构建知识图谱...
2025-10-31 11:05:35,840 - music_recommendation - INFO - 知识图谱构建完成
2025-10-31 11:05:35,840 - music_recommendation - INFO - 开始训练TransE模型...
2025-10-31 11:31:10,123 - music_recommendation - ERROR - 模型训练失败
2025-10-31 11:31:10,124 - music_recommendation - ERROR - 模型训练失败，停止执行
2025-10-31 11:36:50,690 - music_recommendation - INFO - 检查必要的目录结构...
2025-10-31 11:36:50,690 - music_recommendation - INFO - 目录已存在: /workspace/rec_based_kg/data
2025-10-31 11:36:50,690 - music_recommendation - INFO - 目录已存在: /workspace/rec_based_kg/data/raw
2025-10-31 11:36:50,690 - music_recommendation - INFO - 目录已存在: /workspace/rec_based_kg/data/processed
2025-10-31 11:36:50,690 - music_recommendation - INFO - 目录已存在: /workspace/rec_based_kg/data/models
2025-10-31 11:36:50,690 - music_recommendation - INFO - 开始加载和处理数据...
2025-10-31 11:36:51,419 - music_recommendation - INFO - 数据加载完成
2025-10-31 11:36:51,419 - music_recommendation - INFO - 开始构建知识图谱...
2025-10-31 11:36:52,123 - music_recommendation - INFO - 知识图谱构建完成
2025-10-31 11:36:52,123 - music_recommendation - INFO - 开始训练TransE模型...
2025-10-31 11:58:30,004 - music_recommendation - INFO - 检查必要的目录结构...
2025-10-31 11:58:30,005 - music_recommendation - INFO - 目录已存在: /workspace/rec_based_kg/data
2025-10-31 11:58:30,005 - music_recommendation - INFO - 目录已存在: /workspace/rec_based_kg/data/raw
2025-10-31 11:58:30,005 - music_recommendation - INFO - 目录已存在: /workspace/rec_based_kg/data/processed
2025-10-31 11:58:30,005 - music_recommendation - INFO - 目录已存在: /workspace/rec_based_kg/data/models
2025-10-31 11:58:30,005 - music_recommendation - INFO - 开始加载和处理数据...
2025-10-31 11:58:30,694 - music_recommendation - INFO - 数据加载完成
2025-10-31 11:58:30,695 - music_recommendation - INFO - 开始构建知识图谱...
2025-10-31 11:58:31,415 - music_recommendation - INFO - 知识图谱构建完成
2025-10-31 11:58:31,415 - music_recommendation - INFO - 开始训练TransE模型...
2025-10-31 12:02:09,653 - music_recommendation - INFO - 检查必要的目录结构...
2025-10-31 12:02:09,653 - music_recommendation - INFO - 目录已存在: /workspace/rec_based_kg/data
2025-10-31 12:02:09,653 - music_recommendation - INFO - 目录已存在: /workspace/rec_based_kg/data/raw
2025-10-31 12:02:09,653 - music_recommendation - INFO - 目录已存在: /workspace/rec_based_kg/data/processed
2025-10-31 12:02:09,653 - music_recommendation - INFO - 目录已存在: /workspace/rec_based_kg/data/models
2025-10-31 12:02:09,653 - music_recommendation - INFO - 开始加载和处理数据...
2025-10-31 12:02:10,328 - music_recommendation - INFO - 数据加载完成
2025-10-31 12:02:10,328 - music_recommendation - INFO - 开始构建知识图谱...
2025-10-31 12:02:11,046 - music_recommendation - INFO - 知识图谱构建完成
2025-10-31 12:02:11,046 - music_recommendation - INFO - 开始训练TransE模型...
2025-10-31 12:05:55,505 - music_recommendation - INFO - 检查必要的目录结构...
2025-10-31 12:05:55,505 - music_recommendation - INFO - 目录已存在: /workspace/rec_based_kg/data
2025-10-31 12:05:55,505 - music_recommendation - INFO - 目录已存在: /workspace/rec_based_kg/data/raw
2025-10-31 12:05:55,505 - music_recommendation - INFO - 目录已存在: /workspace/rec_based_kg/data/processed
2025-10-31 12:05:55,505 - music_recommendation - INFO - 目录已存在: /workspace/rec_based_kg/data/models
2025-10-31 12:05:55,505 - music_recommendation - INFO - 开始加载和处理数据...
2025-10-31 12:05:56,135 - music_recommendation - INFO - 数据加载完成
2025-10-31 12:05:56,136 - music_recommendation - INFO - 开始构建知识图谱...
2025-10-31 12:05:56,833 - music_recommendation - INFO - 知识图谱构建完成
2025-10-31 12:05:56,833 - music_recommendation - INFO - 开始训练TransE模型...
2025-10-31 12:20:51,211 - music_recommendation - INFO - 检查必要的目录结构...
2025-10-31 12:20:51,211 - music_recommendation - INFO - 目录已存在: /workspace/rec_based_kg/data
2025-10-31 12:20:51,212 - music_recommendation - INFO - 目录已存在: /workspace/rec_based_kg/data/raw
2025-10-31 12:20:51,212 - music_recommendation - INFO - 目录已存在: /workspace/rec_based_kg/data/processed
2025-10-31 12:20:51,212 - music_recommendation - INFO - 目录已存在: /workspace/rec_based_kg/data/models
2025-10-31 12:20:51,212 - music_recommendation - INFO - 开始加载和处理数据...
2025-10-31 12:20:51,912 - music_recommendation - INFO - 数据加载完成
2025-10-31 12:20:51,912 - music_recommendation - INFO - 开始构建知识图谱...
2025-10-31 12:20:52,733 - music_recommendation - INFO - 知识图谱构建完成
2025-10-31 12:20:52,734 - music_recommendation - INFO - 开始训练TransE模型...
2025-10-31 12:21:01,646 - music_recommendation - INFO - 模型训练完成
2025-10-31 12:21:01,646 - music_recommendation - INFO - 启动Web应用...
2025-10-31 12:21:01,646 - music_recommendation - INFO - 正在启动Flask应用...
2025-10-31 12:21:01,646 - music_recommendation - INFO - 请访问 http://localhost:5000 查看应用
2025-10-31 12:21:01,646 - music_recommendation - INFO - 按 Ctrl+C 停止应用
2025-10-31 12:21:02,947 - music_recommendation - ERROR - 应用启动失败: Command '['/root/.pyenv/versions/3.11.1/bin/python', 'src/app.py']' returned non-zero exit status 1.
2025-10-31 12:24:52,407 - music_recommendation - INFO - 检查必要的目录结构...
2025-10-31 12:24:52,407 - music_recommendation - INFO - 目录已存在: /workspace/rec_based_kg/data
2025-10-31 12:24:52,407 - music_recommendation - INFO - 目录已存在: /workspace/rec_based_kg/data/raw
2025-10-31 12:24:52,407 - music_recommendation - INFO - 目录已存在: /workspace/rec_based_kg/data/processed
2025-10-31 12:24:52,407 - music_recommendation - INFO - 目录已存在: /workspace/rec_based_kg/data/models
2025-10-31 12:24:52,408 - music_recommendation - INFO - 开始加载和处理数据...
2025-10-31 12:24:53,036 - music_recommendation - INFO - 数据加载完成
2025-10-31 12:24:53,037 - music_recommendation - INFO - 开始构建知识图谱...
2025-10-31 12:24:53,717 - music_recommendation - INFO - 知识图谱构建完成
2025-10-31 12:24:53,717 - music_recommendation - INFO - 开始训练TransE模型...
2025-10-31 12:24:59,846 - music_recommendation - INFO - 模型训练完成
2025-10-31 12:24:59,846 - music_recommendation - INFO - 启动Web应用...
2025-10-31 12:24:59,846 - music_recommendation - INFO - 正在启动Flask应用...
2025-10-31 12:24:59,846 - music_recommendation - INFO - 请访问 http://localhost:5000 查看应用
2025-10-31 12:24:59,846 - music_recommendation - INFO - 按 Ctrl+C 停止应用
2025-10-31 12:32:50,705 - music_recommendation - INFO - 用户中断，正在停止应用...
2025-10-31 12:34:01,834 - music_recommendation - INFO - 检查必要的目录结构...
2025-10-31 12:34:01,834 - music_recommendation - INFO - 目录已存在: /workspace/rec_based_kg/data
2025-10-31 12:34:01,834 - music_recommendation - INFO - 目录已存在: /workspace/rec_based_kg/data/raw
2025-10-31 12:34:01,835 - music_recommendation - INFO - 目录已存在: /workspace/rec_based_kg/data/processed
2025-10-31 12:34:01,835 - music_recommendation - INFO - 目录已存在: /workspace/rec_based_kg/data/models
2025-10-31 12:34:01,835 - music_recommendation - INFO - 开始加载和处理数据...
2025-10-31 12:34:02,506 - music_recommendation - INFO - 数据加载完成
2025-10-31 12:34:02,506 - music_recommendation - INFO - 开始构建知识图谱...
2025-10-31 12:34:03,228 - music_recommendation - INFO - 知识图谱构建完成
2025-10-31 12:34:03,228 - music_recommendation - INFO - 开始训练TransE模型...
2025-10-31 12:34:09,599 - music_recommendation - INFO - 模型训练完成
2025-10-31 12:34:09,599 - music_recommendation - INFO - 启动Web应用...
2025-10-31 12:34:09,599 - music_recommendation - INFO - 正在启动Flask应用...
2025-10-31 12:34:09,599 - music_recommendation - INFO - 请访问 http://localhost:5000 查看应用
2025-10-31 12:34:09,599 - music_recommendation - INFO - 按 Ctrl+C 停止应用
2025-11-01 02:47:01,519 - music_recommendation - INFO - 检查必要的目录结构...
2025-11-01 02:47:01,521 - music_recommendation - INFO - 目录已存在: /workspace/rec_based_kg/data
2025-11-01 02:47:01,521 - music_recommendation - INFO - 目录已存在: /workspace/rec_based_kg/data/raw
2025-11-01 02:47:01,521 - music_recommendation - INFO - 目录已存在: /workspace/rec_based_kg/data/processed
2025-11-01 02:47:01,521 - music_recommendation - INFO - 目录已存在: /workspace/rec_based_kg/data/models
2025-11-01 02:47:01,521 - music_recommendation - INFO - 开始加载和处理数据...
2025-11-01 02:47:03,129 - music_recommendation - INFO - 数据加载完成
2025-11-01 02:47:03,129 - music_recommendation - INFO - 开始构建知识图谱...
2025-11-01 02:47:03,982 - music_recommendation - INFO - 知识图谱构建完成
2025-11-01 02:47:03,982 - music_recommendation - INFO - 开始训练TransE模型...
2025-11-01 02:47:20,844 - music_recommendation - INFO - 模型训练完成
2025-11-01 02:47:20,844 - music_recommendation - INFO - 启动Web应用...
2025-11-01 02:47:20,844 - music_recommendation - INFO - 正在启动Flask应用...
2025-11-01 02:47:20,844 - music_recommendation - INFO - 请访问 http://localhost:5000 查看应用
2025-11-01 02:47:20,844 - music_recommendation - INFO - 按 Ctrl+C 停止应用
2025-11-01 02:52:45,806 - music_recommendation - INFO - 用户中断，正在停止应用...
2025-11-01 03:25:07,243 - music_recommendation - INFO - 检查必要的目录结构...
2025-11-01 03:25:07,243 - music_recommendation - INFO - 目录已存在: /workspace/rec_based_kg/data
2025-11-01 03:25:07,243 - music_recommendation - INFO - 目录已存在: /workspace/rec_based_kg/data/raw
2025-11-01 03:25:07,244 - music_recommendation - INFO - 目录已存在: /workspace/rec_based_kg/data/processed
2025-11-01 03:25:07,244 - music_recommendation - INFO - 目录已存在: /workspace/rec_based_kg/data/models
2025-11-01 03:25:07,244 - music_recommendation - INFO - 开始加载和处理数据...
2025-11-01 03:25:07,968 - music_recommendation - INFO - 数据加载完成
2025-11-01 03:25:07,968 - music_recommendation - INFO - 开始构建知识图谱...
2025-11-01 03:25:08,823 - music_recommendation - INFO - 知识图谱构建完成
2025-11-01 03:25:08,823 - music_recommendation - INFO - 开始训练TransE模型...
2025-11-01 03:25:13,975 - music_recommendation - INFO - 模型训练完成
2025-11-01 03:25:13,975 - music_recommendation - INFO - 启动Web应用...
2025-11-01 03:25:13,975 - music_recommendation - INFO - 正在启动Flask应用...
2025-11-01 03:25:13,975 - music_recommendation - INFO - 请访问 http://localhost:5000 查看应用
2025-11-01 03:25:13,975 - music_recommendation - INFO - 按 Ctrl+C 停止应用
2025-11-01 03:30:48,748 - music_recommendation - INFO - 用户中断，正在停止应用...
2025-11-01 03:30:53,876 - music_recommendation - INFO - 检查必要的目录结构...
2025-11-01 03:30:53,876 - music_recommendation - INFO - 目录已存在: /workspace/rec_based_kg/data
2025-11-01 03:30:53,876 - music_recommendation - INFO - 目录已存在: /workspace/rec_based_kg/data/raw
2025-11-01 03:30:53,876 - music_recommendation - INFO - 目录已存在: /workspace/rec_based_kg/data/processed
2025-11-01 03:30:53,876 - music_recommendation - INFO - 目录已存在: /workspace/rec_based_kg/data/models
2025-11-01 03:30:53,876 - music_recommendation - INFO - 开始加载和处理数据...
2025-11-01 03:30:54,664 - music_recommendation - INFO - 数据加载完成
2025-11-01 03:30:54,664 - music_recommendation - INFO - 开始构建知识图谱...
2025-11-01 03:30:55,555 - music_recommendation - INFO - 知识图谱构建完成
2025-11-01 03:30:55,555 - music_recommendation - INFO - 开始训练TransE模型...
2025-11-01 03:31:12,352 - music_recommendation - INFO - 模型训练完成
2025-11-01 03:31:12,352 - music_recommendation - INFO - 启动Web应用...
2025-11-01 03:31:12,352 - music_recommendation - INFO - 正在启动Flask应用...
2025-11-01 03:31:12,352 - music_recommendation - INFO - 请访问 http://localhost:5000 查看应用
2025-11-01 03:31:12,352 - music_recommendation - INFO - 按 Ctrl+C 停止应用
2025-11-01 03:36:52,595 - music_recommendation - INFO - 用户中断，正在停止应用...
2025-11-01 04:23:33,619 - music_recommendation - INFO - 检查必要的目录结构...
2025-11-01 04:23:33,619 - music_recommendation - INFO - 目录已存在: /workspace/rec_based_kg/data
2025-11-01 04:23:33,619 - music_recommendation - INFO - 目录已存在: /workspace/rec_based_kg/data/raw
2025-11-01 04:23:33,619 - music_recommendation - INFO - 目录已存在: /workspace/rec_based_kg/data/processed
2025-11-01 04:23:33,619 - music_recommendation - INFO - 目录已存在: /workspace/rec_based_kg/data/models
2025-11-01 04:23:33,619 - music_recommendation - INFO - 开始加载和处理数据...
2025-11-01 04:23:34,374 - music_recommendation - INFO - 数据加载完成
2025-11-01 04:23:34,374 - music_recommendation - INFO - 开始构建知识图谱...
2025-11-01 04:23:35,218 - music_recommendation - INFO - 知识图谱构建完成
2025-11-01 04:23:35,218 - music_recommendation - INFO - 开始训练TransE模型...
2025-11-01 04:23:40,969 - music_recommendation - INFO - 模型训练完成
2025-11-01 04:23:40,970 - music_recommendation - INFO - 启动Web应用...
2025-11-01 04:23:40,970 - music_recommendation - INFO - 正在启动Flask应用...
2025-11-01 04:23:40,970 - music_recommendation - INFO - 请访问 http://localhost:5000 查看应用
2025-11-01 04:23:40,970 - music_recommendation - INFO - 按 Ctrl+C 停止应用
2025-11-01 04:24:08,314 - music_recommendation - INFO - 用户中断，正在停止应用...
